<?xml version="1.0" encoding="UTF-8"?>
<testsuite xmlns:xsi="http://www.w3.org/2001/XMLSchema-instance" xsi:noNamespaceSchemaLocation="https://maven.apache.org/surefire/maven-surefire-plugin/xsd/surefire-test-report-3.0.xsd" version="3.0" name="com.tms.controller.LoadControllerIntegrationTest" time="4.188" tests="6" errors="0" skipped="0" failures="0">
  <properties>
[...]
</properties>
  <testcase name="getLoads_WithPagination" classname="com.tms.controller.LoadControllerIntegrationTest" time="0.338">
    <system-out><![CDATA[2025-11-29T12:39:15.306Z  INFO 3952 --- [           main] t.c.s.AnnotationConfigContextLoaderUtils : Could not detect default configuration classes for test class [com.tms.controller.LoadControllerIntegrationTest]: LoadControllerIntegrationTest does not declare any static, non-private, non-final, nested classes annotated with @Configuration.
2025-11-29T12:39:15.336Z  INFO 3952 --- [           main] .b.t.c.SpringBootTestContextBootstrapper : Found @SpringBootConfiguration com.tms.TransportManagementSystemApplication for test class com.tms.controller.LoadControllerIntegrationTest

  .   ____          _            __ _ _
 /\\ / ___'_ __ _ _(_)_ __  __ _ \ \ \ \
( ( )\___ | '_ | '_| | '_ \/ _` | \ \ \ \
 \\/  ___)| |_)| | | | | || (_| |  ) ) ) )
  '  |____| .__|_| |_|_| |_\__, | / / / /
 =========|_|==============|___/=/_/_/_/
 :: Spring Boot ::                (v3.2.0)

2025-11-29T12:39:15.366Z  INFO 3952 --- [           main] c.t.c.LoadControllerIntegrationTest      : Starting LoadControllerIntegrationTest using Java 17.0.17 with PID 3952 (started by runner in /home/runner/work/transport-management-system/transport-management-system)
2025-11-29T12:39:15.366Z  INFO 3952 --- [           main] c.t.c.LoadControllerIntegrationTest      : No active profile set, falling back to 1 default profile: "default"
2025-11-29T12:39:15.531Z  INFO 3952 --- [           main] .s.d.r.c.RepositoryConfigurationDelegate : Bootstrapping Spring Data JPA repositories in DEFAULT mode.
2025-11-29T12:39:15.541Z  INFO 3952 --- [           main] .s.d.r.c.RepositoryConfigurationDelegate : Finished Spring Data repository scanning in 9 ms. Found 5 JPA repository interfaces.
2025-11-29T12:39:15.620Z  INFO 3952 --- [           main] o.hibernate.jpa.internal.util.LogHelper  : HHH000204: Processing PersistenceUnitInfo [name: default]
2025-11-29T12:39:15.622Z  INFO 3952 --- [           main] o.h.c.internal.RegionFactoryInitiator    : HHH000026: Second-level cache disabled
2025-11-29T12:39:15.625Z  INFO 3952 --- [           main] o.s.o.j.p.SpringPersistenceUnitInfo      : No LoadTimeWeaver setup: ignoring JPA class transformer
2025-11-29T12:39:15.626Z  INFO 3952 --- [           main] com.zaxxer.hikari.HikariDataSource       : HikariPool-2 - Starting...
2025-11-29T12:39:15.627Z  INFO 3952 --- [           main] com.zaxxer.hikari.pool.HikariPool        : HikariPool-2 - Added connection conn10: url=jdbc:h2:mem:testdb user=SA
2025-11-29T12:39:15.627Z  INFO 3952 --- [           main] com.zaxxer.hikari.HikariDataSource       : HikariPool-2 - Start completed.
2025-11-29T12:39:15.627Z  WARN 3952 --- [           main] org.hibernate.orm.deprecation            : HHH90000025: H2Dialect does not need to be specified explicitly using 'hibernate.dialect' (remove the property setting and it will be selected by default)
2025-11-29T12:39:15.714Z  INFO 3952 --- [           main] o.h.e.t.j.p.i.JtaPlatformInitiator       : HHH000489: No JTA platform available (set 'hibernate.transaction.jta.platform' to enable JTA platform integration)
Hibernate: 
    drop table if exists bids cascade 
Hibernate: 
    drop table if exists bookings cascade 
Hibernate: 
    drop table if exists loads cascade 
Hibernate: 
    drop table if exists transporters cascade 
Hibernate: 
    drop table if exists truck_capacities cascade 
Hibernate: 
    create table bids (
        proposed_rate float(53) not null,
        trucks_offered integer not null,
        submitted_at timestamp(6) not null,
        bid_id uuid not null,
        load_id uuid not null,
        transporter_id uuid not null,
        status varchar(255) not null check (status in ('PENDING','ACCEPTED','REJECTED')),
        primary key (bid_id)
    )
Hibernate: 
    create table bookings (
        allocated_trucks integer not null,
        final_rate float(53) not null,
        booked_at timestamp(6) not null,
        bid_id uuid not null unique,
        booking_id uuid not null,
        load_id uuid not null,
        transporter_id uuid not null,
        status varchar(255) not null check (status in ('CONFIRMED','COMPLETED','CANCELLED')),
        primary key (booking_id)
    )
Hibernate: 
    create table loads (
        no_of_trucks integer not null,
        weight float(53) not null,
        date_posted timestamp(6) not null,
        loading_date timestamp(6) not null,
        version bigint,
        load_id uuid not null,
        loading_city varchar(255) not null,
        product_type varchar(255) not null,
        shipper_id varchar(255) not null,
        status varchar(255) not null check (status in ('POSTED','OPEN_FOR_BIDS','BOOKED','CANCELLED')),
        truck_type varchar(255) not null,
        unloading_city varchar(255) not null,
        weight_unit varchar(255) not null check (weight_unit in ('KG','TON')),
        primary key (load_id)
    )
Hibernate: 
    create table transporters (
        rating float(53) not null,
        transporter_id uuid not null,
        company_name varchar(255) not null,
        primary key (transporter_id)
    )
Hibernate: 
    create table truck_capacities (
        count integer not null,
        id uuid not null,
        transporter_id uuid not null,
        truck_type varchar(255) not null,
        primary key (id)
    )
Hibernate: 
    create index idx_bid_load_id 
       on bids (load_id)
Hibernate: 
    create index idx_bid_transporter_id 
       on bids (transporter_id)
Hibernate: 
    create index idx_bid_status 
       on bids (status)
Hibernate: 
    create index idx_booking_load_id 
       on bookings (load_id)
Hibernate: 
    create index idx_booking_transporter_id 
       on bookings (transporter_id)
Hibernate: 
    create index idx_booking_status 
       on bookings (status)
Hibernate: 
    create index idx_load_shipper_id 
       on loads (shipper_id)
Hibernate: 
    create index idx_load_status 
       on loads (status)
Hibernate: 
    create index idx_transporter_company_name 
       on transporters (company_name)
Hibernate: 
    alter table if exists bids 
       add constraint FK472kgv75no5j99cn97kieeif4 
       foreign key (load_id) 
       references loads
Hibernate: 
    alter table if exists bids 
       add constraint FKvv99r7aspm62jr3ypl49ciew 
       foreign key (transporter_id) 
       references transporters
Hibernate: 
    alter table if exists bookings 
       add constraint FKq288csc6231owu9a8fai22emh 
       foreign key (bid_id) 
       references bids
Hibernate: 
    alter table if exists bookings 
       add constraint FK3h9wubhva9yo6todesnel1k9k 
       foreign key (load_id) 
       references loads
Hibernate: 
    alter table if exists bookings 
       add constraint FKll87sc69m7f3g4irjoircny42 
       foreign key (transporter_id) 
       references transporters
Hibernate: 
    alter table if exists truck_capacities 
       add constraint FK3dc2qg7xbxc5wkix7hghs1143 
       foreign key (transporter_id) 
       references transporters
2025-11-29T12:39:15.740Z  INFO 3952 --- [           main] j.LocalContainerEntityManagerFactoryBean : Initialized JPA EntityManagerFactory for persistence unit 'default'
2025-11-29T12:39:15.939Z  WARN 3952 --- [           main] JpaBaseConfiguration$JpaWebConfiguration : spring.jpa.open-in-view is enabled by default. Therefore, database queries may be performed during view rendering. Explicitly configure spring.jpa.open-in-view to disable this warning
2025-11-29T12:39:16.025Z  INFO 3952 --- [           main] o.s.b.a.h2.H2ConsoleAutoConfiguration    : H2 console available at '/h2-console'. Database available at 'jdbc:h2:mem:testdb'
2025-11-29T12:39:16.051Z  INFO 3952 --- [           main] o.s.b.t.m.w.SpringBootMockServletContext : Initializing Spring TestDispatcherServlet ''
2025-11-29T12:39:16.051Z  INFO 3952 --- [           main] o.s.t.web.servlet.TestDispatcherServlet  : Initializing Servlet ''
2025-11-29T12:39:16.053Z  INFO 3952 --- [           main] o.s.t.web.servlet.TestDispatcherServlet  : Completed initialization in 1 ms
2025-11-29T12:39:16.065Z  INFO 3952 --- [           main] c.t.c.LoadControllerIntegrationTest      : Started LoadControllerIntegrationTest in 0.725 seconds (process running for 7.647)
Hibernate: 
    select
        sum(b1_0.allocated_trucks) 
    from
        bookings b1_0 
    where
        b1_0.load_id=? 
        and b1_0.status!='CANCELLED'
Hibernate: 
    insert 
    into
        loads
        (date_posted, loading_city, loading_date, no_of_trucks, product_type, shipper_id, status, truck_type, unloading_city, version, weight, weight_unit, load_id) 
    values
        (?, ?, ?, ?, ?, ?, ?, ?, ?, ?, ?, ?, ?)
Hibernate: 
    select
        l1_0.load_id,
        l1_0.date_posted,
        l1_0.loading_city,
        l1_0.loading_date,
        l1_0.no_of_trucks,
        l1_0.product_type,
        l1_0.shipper_id,
        l1_0.status,
        l1_0.truck_type,
        l1_0.unloading_city,
        l1_0.version,
        l1_0.weight,
        l1_0.weight_unit 
    from
        loads l1_0 
    offset
        ? rows 
    fetch
        first ? rows only
Hibernate: 
    select
        sum(b1_0.allocated_trucks) 
    from
        bookings b1_0 
    where
        b1_0.load_id=? 
        and b1_0.status!='CANCELLED'
2025-11-29T12:39:16.397Z  INFO 3952 --- [           main] j.LocalContainerEntityManagerFactoryBean : Closing JPA EntityManagerFactory for persistence unit 'default'
Hibernate: 
    drop table if exists bids cascade 
Hibernate: 
    drop table if exists bookings cascade 
Hibernate: 
    drop table if exists loads cascade 
Hibernate: 
    drop table if exists transporters cascade 
Hibernate: 
    drop table if exists truck_capacities cascade 
2025-11-29T12:39:16.404Z  INFO 3952 --- [           main] com.zaxxer.hikari.HikariDataSource       : HikariPool-2 - Shutdown initiated...
2025-11-29T12:39:16.406Z  INFO 3952 --- [           main] com.zaxxer.hikari.HikariDataSource       : HikariPool-2 - Shutdown completed.
]]></system-out>
  </testcase>
  <testcase name="cancelLoad_Success" classname="com.tms.controller.LoadControllerIntegrationTest" time="0.08">
    <system-out><![CDATA[
  .   ____          _            __ _ _
 /\\ / ___'_ __ _ _(_)_ __  __ _ \ \ \ \
( ( )\___ | '_ | '_| | '_ \/ _` | \ \ \ \
 \\/  ___)| |_)| | | | | || (_| |  ) ) ) )
  '  |____| .__|_| |_|_| |_\__, | / / / /
 =========|_|==============|___/=/_/_/_/
 :: Spring Boot ::                (v3.2.0)

2025-11-29T12:39:16.432Z  INFO 3952 --- [           main] c.t.c.LoadControllerIntegrationTest      : Starting LoadControllerIntegrationTest using Java 17.0.17 with PID 3952 (started by runner in /home/runner/work/transport-management-system/transport-management-system)
2025-11-29T12:39:16.433Z  INFO 3952 --- [           main] c.t.c.LoadControllerIntegrationTest      : No active profile set, falling back to 1 default profile: "default"
2025-11-29T12:39:16.576Z  INFO 3952 --- [           main] .s.d.r.c.RepositoryConfigurationDelegate : Bootstrapping Spring Data JPA repositories in DEFAULT mode.
2025-11-29T12:39:16.584Z  INFO 3952 --- [           main] .s.d.r.c.RepositoryConfigurationDelegate : Finished Spring Data repository scanning in 8 ms. Found 5 JPA repository interfaces.
2025-11-29T12:39:16.655Z  INFO 3952 --- [           main] o.hibernate.jpa.internal.util.LogHelper  : HHH000204: Processing PersistenceUnitInfo [name: default]
2025-11-29T12:39:16.656Z  INFO 3952 --- [           main] o.h.c.internal.RegionFactoryInitiator    : HHH000026: Second-level cache disabled
2025-11-29T12:39:16.659Z  INFO 3952 --- [           main] o.s.o.j.p.SpringPersistenceUnitInfo      : No LoadTimeWeaver setup: ignoring JPA class transformer
2025-11-29T12:39:16.660Z  INFO 3952 --- [           main] com.zaxxer.hikari.HikariDataSource       : HikariPool-3 - Starting...
2025-11-29T12:39:16.661Z  INFO 3952 --- [           main] com.zaxxer.hikari.pool.HikariPool        : HikariPool-3 - Added connection conn20: url=jdbc:h2:mem:testdb user=SA
2025-11-29T12:39:16.661Z  INFO 3952 --- [           main] com.zaxxer.hikari.HikariDataSource       : HikariPool-3 - Start completed.
2025-11-29T12:39:16.661Z  WARN 3952 --- [           main] org.hibernate.orm.deprecation            : HHH90000025: H2Dialect does not need to be specified explicitly using 'hibernate.dialect' (remove the property setting and it will be selected by default)
2025-11-29T12:39:16.738Z  INFO 3952 --- [           main] o.h.e.t.j.p.i.JtaPlatformInitiator       : HHH000489: No JTA platform available (set 'hibernate.transaction.jta.platform' to enable JTA platform integration)
Hibernate: 
    drop table if exists bids cascade 
Hibernate: 
    drop table if exists bookings cascade 
Hibernate: 
    drop table if exists loads cascade 
Hibernate: 
    drop table if exists transporters cascade 
Hibernate: 
    drop table if exists truck_capacities cascade 
Hibernate: 
    create table bids (
        proposed_rate float(53) not null,
        trucks_offered integer not null,
        submitted_at timestamp(6) not null,
        bid_id uuid not null,
        load_id uuid not null,
        transporter_id uuid not null,
        status varchar(255) not null check (status in ('PENDING','ACCEPTED','REJECTED')),
        primary key (bid_id)
    )
Hibernate: 
    create table bookings (
        allocated_trucks integer not null,
        final_rate float(53) not null,
        booked_at timestamp(6) not null,
        bid_id uuid not null unique,
        booking_id uuid not null,
        load_id uuid not null,
        transporter_id uuid not null,
        status varchar(255) not null check (status in ('CONFIRMED','COMPLETED','CANCELLED')),
        primary key (booking_id)
    )
Hibernate: 
    create table loads (
        no_of_trucks integer not null,
        weight float(53) not null,
        date_posted timestamp(6) not null,
        loading_date timestamp(6) not null,
        version bigint,
        load_id uuid not null,
        loading_city varchar(255) not null,
        product_type varchar(255) not null,
        shipper_id varchar(255) not null,
        status varchar(255) not null check (status in ('POSTED','OPEN_FOR_BIDS','BOOKED','CANCELLED')),
        truck_type varchar(255) not null,
        unloading_city varchar(255) not null,
        weight_unit varchar(255) not null check (weight_unit in ('KG','TON')),
        primary key (load_id)
    )
Hibernate: 
    create table transporters (
        rating float(53) not null,
        transporter_id uuid not null,
        company_name varchar(255) not null,
        primary key (transporter_id)
    )
Hibernate: 
    create table truck_capacities (
        count integer not null,
        id uuid not null,
        transporter_id uuid not null,
        truck_type varchar(255) not null,
        primary key (id)
    )
Hibernate: 
    create index idx_bid_load_id 
       on bids (load_id)
Hibernate: 
    create index idx_bid_transporter_id 
       on bids (transporter_id)
Hibernate: 
    create index idx_bid_status 
       on bids (status)
Hibernate: 
    create index idx_booking_load_id 
       on bookings (load_id)
Hibernate: 
    create index idx_booking_transporter_id 
       on bookings (transporter_id)
Hibernate: 
    create index idx_booking_status 
       on bookings (status)
Hibernate: 
    create index idx_load_shipper_id 
       on loads (shipper_id)
Hibernate: 
    create index idx_load_status 
       on loads (status)
Hibernate: 
    create index idx_transporter_company_name 
       on transporters (company_name)
Hibernate: 
    alter table if exists bids 
       add constraint FK472kgv75no5j99cn97kieeif4 
       foreign key (load_id) 
       references loads
Hibernate: 
    alter table if exists bids 
       add constraint FKvv99r7aspm62jr3ypl49ciew 
       foreign key (transporter_id) 
       references transporters
Hibernate: 
    alter table if exists bookings 
       add constraint FKq288csc6231owu9a8fai22emh 
       foreign key (bid_id) 
       references bids
Hibernate: 
    alter table if exists bookings 
       add constraint FK3h9wubhva9yo6todesnel1k9k 
       foreign key (load_id) 
       references loads
Hibernate: 
    alter table if exists bookings 
       add constraint FKll87sc69m7f3g4irjoircny42 
       foreign key (transporter_id) 
       references transporters
Hibernate: 
    alter table if exists truck_capacities 
       add constraint FK3dc2qg7xbxc5wkix7hghs1143 
       foreign key (transporter_id) 
       references transporters
2025-11-29T12:39:16.756Z  INFO 3952 --- [           main] j.LocalContainerEntityManagerFactoryBean : Initialized JPA EntityManagerFactory for persistence unit 'default'
2025-11-29T12:39:16.972Z  WARN 3952 --- [           main] JpaBaseConfiguration$JpaWebConfiguration : spring.jpa.open-in-view is enabled by default. Therefore, database queries may be performed during view rendering. Explicitly configure spring.jpa.open-in-view to disable this warning
2025-11-29T12:39:17.059Z  INFO 3952 --- [           main] o.s.b.a.h2.H2ConsoleAutoConfiguration    : H2 console available at '/h2-console'. Database available at 'jdbc:h2:mem:testdb'
2025-11-29T12:39:17.073Z  INFO 3952 --- [           main] o.s.b.t.m.w.SpringBootMockServletContext : Initializing Spring TestDispatcherServlet ''
2025-11-29T12:39:17.074Z  INFO 3952 --- [           main] o.s.t.web.servlet.TestDispatcherServlet  : Initializing Servlet ''
2025-11-29T12:39:17.074Z  INFO 3952 --- [           main] o.s.t.web.servlet.TestDispatcherServlet  : Completed initialization in 0 ms
2025-11-29T12:39:17.082Z  INFO 3952 --- [           main] c.t.c.LoadControllerIntegrationTest      : Started LoadControllerIntegrationTest in 0.674 seconds (process running for 8.664)
Hibernate: 
    select
        sum(b1_0.allocated_trucks) 
    from
        bookings b1_0 
    where
        b1_0.load_id=? 
        and b1_0.status!='CANCELLED'
Hibernate: 
    insert 
    into
        loads
        (date_posted, loading_city, loading_date, no_of_trucks, product_type, shipper_id, status, truck_type, unloading_city, version, weight, weight_unit, load_id) 
    values
        (?, ?, ?, ?, ?, ?, ?, ?, ?, ?, ?, ?, ?)
Hibernate: 
    select
        l1_0.load_id,
        l1_0.date_posted,
        l1_0.loading_city,
        l1_0.loading_date,
        l1_0.no_of_trucks,
        l1_0.product_type,
        l1_0.shipper_id,
        l1_0.status,
        l1_0.truck_type,
        l1_0.unloading_city,
        l1_0.version,
        l1_0.weight,
        l1_0.weight_unit 
    from
        loads l1_0 
    where
        l1_0.load_id=?
Hibernate: 
    select
        b1_0.bid_id,
        b1_0.load_id,
        b1_0.proposed_rate,
        b1_0.status,
        b1_0.submitted_at,
        b1_0.transporter_id,
        b1_0.trucks_offered 
    from
        bids b1_0 
    where
        b1_0.load_id=? 
        and b1_0.status=?
Hibernate: 
    select
        sum(b1_0.allocated_trucks) 
    from
        bookings b1_0 
    where
        b1_0.load_id=? 
        and b1_0.status!='CANCELLED'
Hibernate: 
    update
        loads 
    set
        loading_city=?,
        loading_date=?,
        no_of_trucks=?,
        product_type=?,
        shipper_id=?,
        status=?,
        truck_type=?,
        unloading_city=?,
        version=?,
        weight=?,
        weight_unit=? 
    where
        load_id=? 
        and version=?
Hibernate: 
    select
        version as version_ 
    from
        loads 
    where
        load_id=?
2025-11-29T12:39:17.158Z  INFO 3952 --- [           main] j.LocalContainerEntityManagerFactoryBean : Closing JPA EntityManagerFactory for persistence unit 'default'
Hibernate: 
    drop table if exists bids cascade 
Hibernate: 
    drop table if exists bookings cascade 
Hibernate: 
    drop table if exists loads cascade 
Hibernate: 
    drop table if exists transporters cascade 
Hibernate: 
    drop table if exists truck_capacities cascade 
2025-11-29T12:39:17.162Z  INFO 3952 --- [           main] com.zaxxer.hikari.HikariDataSource       : HikariPool-3 - Shutdown initiated...
2025-11-29T12:39:17.163Z  INFO 3952 --- [           main] com.zaxxer.hikari.HikariDataSource       : HikariPool-3 - Shutdown completed.
]]></system-out>
  </testcase>
  <testcase name="getLoadById_NotFound" classname="com.tms.controller.LoadControllerIntegrationTest" time="0.032">
    <system-out><![CDATA[
  .   ____          _            __ _ _
 /\\ / ___'_ __ _ _(_)_ __  __ _ \ \ \ \
( ( )\___ | '_ | '_| | '_ \/ _` | \ \ \ \
 \\/  ___)| |_)| | | | | || (_| |  ) ) ) )
  '  |____| .__|_| |_|_| |_\__, | / / / /
 =========|_|==============|___/=/_/_/_/
 :: Spring Boot ::                (v3.2.0)

2025-11-29T12:39:17.189Z  INFO 3952 --- [           main] c.t.c.LoadControllerIntegrationTest      : Starting LoadControllerIntegrationTest using Java 17.0.17 with PID 3952 (started by runner in /home/runner/work/transport-management-system/transport-management-system)
2025-11-29T12:39:17.190Z  INFO 3952 --- [           main] c.t.c.LoadControllerIntegrationTest      : No active profile set, falling back to 1 default profile: "default"
2025-11-29T12:39:17.344Z  INFO 3952 --- [           main] .s.d.r.c.RepositoryConfigurationDelegate : Bootstrapping Spring Data JPA repositories in DEFAULT mode.
2025-11-29T12:39:17.356Z  INFO 3952 --- [           main] .s.d.r.c.RepositoryConfigurationDelegate : Finished Spring Data repository scanning in 11 ms. Found 5 JPA repository interfaces.
2025-11-29T12:39:17.431Z  INFO 3952 --- [           main] o.hibernate.jpa.internal.util.LogHelper  : HHH000204: Processing PersistenceUnitInfo [name: default]
2025-11-29T12:39:17.433Z  INFO 3952 --- [           main] o.h.c.internal.RegionFactoryInitiator    : HHH000026: Second-level cache disabled
2025-11-29T12:39:17.436Z  INFO 3952 --- [           main] o.s.o.j.p.SpringPersistenceUnitInfo      : No LoadTimeWeaver setup: ignoring JPA class transformer
2025-11-29T12:39:17.437Z  INFO 3952 --- [           main] com.zaxxer.hikari.HikariDataSource       : HikariPool-4 - Starting...
2025-11-29T12:39:17.438Z  INFO 3952 --- [           main] com.zaxxer.hikari.pool.HikariPool        : HikariPool-4 - Added connection conn30: url=jdbc:h2:mem:testdb user=SA
2025-11-29T12:39:17.438Z  INFO 3952 --- [           main] com.zaxxer.hikari.HikariDataSource       : HikariPool-4 - Start completed.
2025-11-29T12:39:17.439Z  WARN 3952 --- [           main] org.hibernate.orm.deprecation            : HHH90000025: H2Dialect does not need to be specified explicitly using 'hibernate.dialect' (remove the property setting and it will be selected by default)
2025-11-29T12:39:17.518Z  INFO 3952 --- [           main] o.h.e.t.j.p.i.JtaPlatformInitiator       : HHH000489: No JTA platform available (set 'hibernate.transaction.jta.platform' to enable JTA platform integration)
Hibernate: 
    drop table if exists bids cascade 
Hibernate: 
    drop table if exists bookings cascade 
Hibernate: 
    drop table if exists loads cascade 
Hibernate: 
    drop table if exists transporters cascade 
Hibernate: 
    drop table if exists truck_capacities cascade 
Hibernate: 
    create table bids (
        proposed_rate float(53) not null,
        trucks_offered integer not null,
        submitted_at timestamp(6) not null,
        bid_id uuid not null,
        load_id uuid not null,
        transporter_id uuid not null,
        status varchar(255) not null check (status in ('PENDING','ACCEPTED','REJECTED')),
        primary key (bid_id)
    )
Hibernate: 
    create table bookings (
        allocated_trucks integer not null,
        final_rate float(53) not null,
        booked_at timestamp(6) not null,
        bid_id uuid not null unique,
        booking_id uuid not null,
        load_id uuid not null,
        transporter_id uuid not null,
        status varchar(255) not null check (status in ('CONFIRMED','COMPLETED','CANCELLED')),
        primary key (booking_id)
    )
Hibernate: 
    create table loads (
        no_of_trucks integer not null,
        weight float(53) not null,
        date_posted timestamp(6) not null,
        loading_date timestamp(6) not null,
        version bigint,
        load_id uuid not null,
        loading_city varchar(255) not null,
        product_type varchar(255) not null,
        shipper_id varchar(255) not null,
        status varchar(255) not null check (status in ('POSTED','OPEN_FOR_BIDS','BOOKED','CANCELLED')),
        truck_type varchar(255) not null,
        unloading_city varchar(255) not null,
        weight_unit varchar(255) not null check (weight_unit in ('KG','TON')),
        primary key (load_id)
    )
Hibernate: 
    create table transporters (
        rating float(53) not null,
        transporter_id uuid not null,
        company_name varchar(255) not null,
        primary key (transporter_id)
    )
Hibernate: 
    create table truck_capacities (
        count integer not null,
        id uuid not null,
        transporter_id uuid not null,
        truck_type varchar(255) not null,
        primary key (id)
    )
Hibernate: 
    create index idx_bid_load_id 
       on bids (load_id)
Hibernate: 
    create index idx_bid_transporter_id 
       on bids (transporter_id)
Hibernate: 
    create index idx_bid_status 
       on bids (status)
Hibernate: 
    create index idx_booking_load_id 
       on bookings (load_id)
Hibernate: 
    create index idx_booking_transporter_id 
       on bookings (transporter_id)
Hibernate: 
    create index idx_booking_status 
       on bookings (status)
Hibernate: 
    create index idx_load_shipper_id 
       on loads (shipper_id)
Hibernate: 
    create index idx_load_status 
       on loads (status)
Hibernate: 
    create index idx_transporter_company_name 
       on transporters (company_name)
Hibernate: 
    alter table if exists bids 
       add constraint FK472kgv75no5j99cn97kieeif4 
       foreign key (load_id) 
       references loads
Hibernate: 
    alter table if exists bids 
       add constraint FKvv99r7aspm62jr3ypl49ciew 
       foreign key (transporter_id) 
       references transporters
Hibernate: 
    alter table if exists bookings 
       add constraint FKq288csc6231owu9a8fai22emh 
       foreign key (bid_id) 
       references bids
Hibernate: 
    alter table if exists bookings 
       add constraint FK3h9wubhva9yo6todesnel1k9k 
       foreign key (load_id) 
       references loads
Hibernate: 
    alter table if exists bookings 
       add constraint FKll87sc69m7f3g4irjoircny42 
       foreign key (transporter_id) 
       references transporters
Hibernate: 
    alter table if exists truck_capacities 
       add constraint FK3dc2qg7xbxc5wkix7hghs1143 
       foreign key (transporter_id) 
       references transporters
2025-11-29T12:39:17.534Z  INFO 3952 --- [           main] j.LocalContainerEntityManagerFactoryBean : Initialized JPA EntityManagerFactory for persistence unit 'default'
2025-11-29T12:39:17.705Z  WARN 3952 --- [           main] JpaBaseConfiguration$JpaWebConfiguration : spring.jpa.open-in-view is enabled by default. Therefore, database queries may be performed during view rendering. Explicitly configure spring.jpa.open-in-view to disable this warning
2025-11-29T12:39:17.783Z  INFO 3952 --- [           main] o.s.b.a.h2.H2ConsoleAutoConfiguration    : H2 console available at '/h2-console'. Database available at 'jdbc:h2:mem:testdb'
2025-11-29T12:39:17.812Z  INFO 3952 --- [           main] o.s.b.t.m.w.SpringBootMockServletContext : Initializing Spring TestDispatcherServlet ''
2025-11-29T12:39:17.812Z  INFO 3952 --- [           main] o.s.t.web.servlet.TestDispatcherServlet  : Initializing Servlet ''
2025-11-29T12:39:17.813Z  INFO 3952 --- [           main] o.s.t.web.servlet.TestDispatcherServlet  : Completed initialization in 1 ms
2025-11-29T12:39:17.821Z  INFO 3952 --- [           main] c.t.c.LoadControllerIntegrationTest      : Started LoadControllerIntegrationTest in 0.656 seconds (process running for 9.403)
Hibernate: 
    select
        l1_0.load_id,
        l1_0.date_posted,
        l1_0.loading_city,
        l1_0.loading_date,
        l1_0.no_of_trucks,
        l1_0.product_type,
        l1_0.shipper_id,
        l1_0.status,
        l1_0.truck_type,
        l1_0.unloading_city,
        l1_0.version,
        l1_0.weight,
        l1_0.weight_unit 
    from
        loads l1_0 
    where
        l1_0.load_id=?
2025-11-29T12:39:17.849Z  INFO 3952 --- [           main] j.LocalContainerEntityManagerFactoryBean : Closing JPA EntityManagerFactory for persistence unit 'default'
Hibernate: 
    drop table if exists bids cascade 
Hibernate: 
    drop table if exists bookings cascade 
Hibernate: 
    drop table if exists loads cascade 
Hibernate: 
    drop table if exists transporters cascade 
Hibernate: 
    drop table if exists truck_capacities cascade 
2025-11-29T12:39:17.853Z  INFO 3952 --- [           main] com.zaxxer.hikari.HikariDataSource       : HikariPool-4 - Shutdown initiated...
2025-11-29T12:39:17.854Z  INFO 3952 --- [           main] com.zaxxer.hikari.HikariDataSource       : HikariPool-4 - Shutdown completed.
]]></system-out>
  </testcase>
  <testcase name="getLoadById_Success" classname="com.tms.controller.LoadControllerIntegrationTest" time="0.051">
    <system-out><![CDATA[
  .   ____          _            __ _ _
 /\\ / ___'_ __ _ _(_)_ __  __ _ \ \ \ \
( ( )\___ | '_ | '_| | '_ \/ _` | \ \ \ \
 \\/  ___)| |_)| | | | | || (_| |  ) ) ) )
  '  |____| .__|_| |_|_| |_\__, | / / / /
 =========|_|==============|___/=/_/_/_/
 :: Spring Boot ::                (v3.2.0)

2025-11-29T12:39:17.877Z  INFO 3952 --- [           main] c.t.c.LoadControllerIntegrationTest      : Starting LoadControllerIntegrationTest using Java 17.0.17 with PID 3952 (started by runner in /home/runner/work/transport-management-system/transport-management-system)
2025-11-29T12:39:17.877Z  INFO 3952 --- [           main] c.t.c.LoadControllerIntegrationTest      : No active profile set, falling back to 1 default profile: "default"
2025-11-29T12:39:17.986Z  INFO 3952 --- [           main] .s.d.r.c.RepositoryConfigurationDelegate : Bootstrapping Spring Data JPA repositories in DEFAULT mode.
2025-11-29T12:39:17.995Z  INFO 3952 --- [           main] .s.d.r.c.RepositoryConfigurationDelegate : Finished Spring Data repository scanning in 9 ms. Found 5 JPA repository interfaces.
2025-11-29T12:39:18.056Z  INFO 3952 --- [           main] o.hibernate.jpa.internal.util.LogHelper  : HHH000204: Processing PersistenceUnitInfo [name: default]
2025-11-29T12:39:18.059Z  INFO 3952 --- [           main] o.h.c.internal.RegionFactoryInitiator    : HHH000026: Second-level cache disabled
2025-11-29T12:39:18.061Z  INFO 3952 --- [           main] o.s.o.j.p.SpringPersistenceUnitInfo      : No LoadTimeWeaver setup: ignoring JPA class transformer
2025-11-29T12:39:18.063Z  INFO 3952 --- [           main] com.zaxxer.hikari.HikariDataSource       : HikariPool-5 - Starting...
2025-11-29T12:39:18.065Z  INFO 3952 --- [           main] com.zaxxer.hikari.pool.HikariPool        : HikariPool-5 - Added connection conn40: url=jdbc:h2:mem:testdb user=SA
2025-11-29T12:39:18.065Z  INFO 3952 --- [           main] com.zaxxer.hikari.HikariDataSource       : HikariPool-5 - Start completed.
2025-11-29T12:39:18.067Z  WARN 3952 --- [           main] org.hibernate.orm.deprecation            : HHH90000025: H2Dialect does not need to be specified explicitly using 'hibernate.dialect' (remove the property setting and it will be selected by default)
2025-11-29T12:39:18.133Z  INFO 3952 --- [           main] o.h.e.t.j.p.i.JtaPlatformInitiator       : HHH000489: No JTA platform available (set 'hibernate.transaction.jta.platform' to enable JTA platform integration)
Hibernate: 
    drop table if exists bids cascade 
Hibernate: 
    drop table if exists bookings cascade 
Hibernate: 
    drop table if exists loads cascade 
Hibernate: 
    drop table if exists transporters cascade 
Hibernate: 
    drop table if exists truck_capacities cascade 
Hibernate: 
    create table bids (
        proposed_rate float(53) not null,
        trucks_offered integer not null,
        submitted_at timestamp(6) not null,
        bid_id uuid not null,
        load_id uuid not null,
        transporter_id uuid not null,
        status varchar(255) not null check (status in ('PENDING','ACCEPTED','REJECTED')),
        primary key (bid_id)
    )
Hibernate: 
    create table bookings (
        allocated_trucks integer not null,
        final_rate float(53) not null,
        booked_at timestamp(6) not null,
        bid_id uuid not null unique,
        booking_id uuid not null,
        load_id uuid not null,
        transporter_id uuid not null,
        status varchar(255) not null check (status in ('CONFIRMED','COMPLETED','CANCELLED')),
        primary key (booking_id)
    )
Hibernate: 
    create table loads (
        no_of_trucks integer not null,
        weight float(53) not null,
        date_posted timestamp(6) not null,
        loading_date timestamp(6) not null,
        version bigint,
        load_id uuid not null,
        loading_city varchar(255) not null,
        product_type varchar(255) not null,
        shipper_id varchar(255) not null,
        status varchar(255) not null check (status in ('POSTED','OPEN_FOR_BIDS','BOOKED','CANCELLED')),
        truck_type varchar(255) not null,
        unloading_city varchar(255) not null,
        weight_unit varchar(255) not null check (weight_unit in ('KG','TON')),
        primary key (load_id)
    )
Hibernate: 
    create table transporters (
        rating float(53) not null,
        transporter_id uuid not null,
        company_name varchar(255) not null,
        primary key (transporter_id)
    )
Hibernate: 
    create table truck_capacities (
        count integer not null,
        id uuid not null,
        transporter_id uuid not null,
        truck_type varchar(255) not null,
        primary key (id)
    )
Hibernate: 
    create index idx_bid_load_id 
       on bids (load_id)
Hibernate: 
    create index idx_bid_transporter_id 
       on bids (transporter_id)
Hibernate: 
    create index idx_bid_status 
       on bids (status)
Hibernate: 
    create index idx_booking_load_id 
       on bookings (load_id)
Hibernate: 
    create index idx_booking_transporter_id 
       on bookings (transporter_id)
Hibernate: 
    create index idx_booking_status 
       on bookings (status)
Hibernate: 
    create index idx_load_shipper_id 
       on loads (shipper_id)
Hibernate: 
    create index idx_load_status 
       on loads (status)
Hibernate: 
    create index idx_transporter_company_name 
       on transporters (company_name)
Hibernate: 
    alter table if exists bids 
       add constraint FK472kgv75no5j99cn97kieeif4 
       foreign key (load_id) 
       references loads
Hibernate: 
    alter table if exists bids 
       add constraint FKvv99r7aspm62jr3ypl49ciew 
       foreign key (transporter_id) 
       references transporters
Hibernate: 
    alter table if exists bookings 
       add constraint FKq288csc6231owu9a8fai22emh 
       foreign key (bid_id) 
       references bids
Hibernate: 
    alter table if exists bookings 
       add constraint FK3h9wubhva9yo6todesnel1k9k 
       foreign key (load_id) 
       references loads
Hibernate: 
    alter table if exists bookings 
       add constraint FKll87sc69m7f3g4irjoircny42 
       foreign key (transporter_id) 
       references transporters
Hibernate: 
    alter table if exists truck_capacities 
       add constraint FK3dc2qg7xbxc5wkix7hghs1143 
       foreign key (transporter_id) 
       references transporters
2025-11-29T12:39:18.147Z  INFO 3952 --- [           main] j.LocalContainerEntityManagerFactoryBean : Initialized JPA EntityManagerFactory for persistence unit 'default'
2025-11-29T12:39:18.308Z  WARN 3952 --- [           main] JpaBaseConfiguration$JpaWebConfiguration : spring.jpa.open-in-view is enabled by default. Therefore, database queries may be performed during view rendering. Explicitly configure spring.jpa.open-in-view to disable this warning
2025-11-29T12:39:18.384Z  INFO 3952 --- [           main] o.s.b.a.h2.H2ConsoleAutoConfiguration    : H2 console available at '/h2-console'. Database available at 'jdbc:h2:mem:testdb'
2025-11-29T12:39:18.397Z  INFO 3952 --- [           main] o.s.b.t.m.w.SpringBootMockServletContext : Initializing Spring TestDispatcherServlet ''
2025-11-29T12:39:18.397Z  INFO 3952 --- [           main] o.s.t.web.servlet.TestDispatcherServlet  : Initializing Servlet ''
2025-11-29T12:39:18.398Z  INFO 3952 --- [           main] o.s.t.web.servlet.TestDispatcherServlet  : Completed initialization in 1 ms
2025-11-29T12:39:18.405Z  INFO 3952 --- [           main] c.t.c.LoadControllerIntegrationTest      : Started LoadControllerIntegrationTest in 0.549 seconds (process running for 9.987)
Hibernate: 
    select
        sum(b1_0.allocated_trucks) 
    from
        bookings b1_0 
    where
        b1_0.load_id=? 
        and b1_0.status!='CANCELLED'
Hibernate: 
    insert 
    into
        loads
        (date_posted, loading_city, loading_date, no_of_trucks, product_type, shipper_id, status, truck_type, unloading_city, version, weight, weight_unit, load_id) 
    values
        (?, ?, ?, ?, ?, ?, ?, ?, ?, ?, ?, ?, ?)
Hibernate: 
    select
        l1_0.load_id,
        l1_0.date_posted,
        l1_0.loading_city,
        l1_0.loading_date,
        l1_0.no_of_trucks,
        l1_0.product_type,
        l1_0.shipper_id,
        l1_0.status,
        l1_0.truck_type,
        l1_0.unloading_city,
        l1_0.version,
        l1_0.weight,
        l1_0.weight_unit 
    from
        loads l1_0 
    where
        l1_0.load_id=?
Hibernate: 
    select
        b1_0.bid_id,
        b1_0.load_id,
        b1_0.proposed_rate,
        b1_0.status,
        b1_0.submitted_at,
        b1_0.transporter_id,
        b1_0.trucks_offered 
    from
        bids b1_0 
    where
        b1_0.load_id=? 
        and b1_0.status=?
Hibernate: 
    select
        sum(b1_0.allocated_trucks) 
    from
        bookings b1_0 
    where
        b1_0.load_id=? 
        and b1_0.status!='CANCELLED'
2025-11-29T12:39:18.453Z  INFO 3952 --- [           main] j.LocalContainerEntityManagerFactoryBean : Closing JPA EntityManagerFactory for persistence unit 'default'
Hibernate: 
    drop table if exists bids cascade 
Hibernate: 
    drop table if exists bookings cascade 
Hibernate: 
    drop table if exists loads cascade 
Hibernate: 
    drop table if exists transporters cascade 
Hibernate: 
    drop table if exists truck_capacities cascade 
2025-11-29T12:39:18.456Z  INFO 3952 --- [           main] com.zaxxer.hikari.HikariDataSource       : HikariPool-5 - Shutdown initiated...
2025-11-29T12:39:18.457Z  INFO 3952 --- [           main] com.zaxxer.hikari.HikariDataSource       : HikariPool-5 - Shutdown completed.
]]></system-out>
  </testcase>
  <testcase name="createLoad_Success" classname="com.tms.controller.LoadControllerIntegrationTest" time="0.041">
    <system-out><![CDATA[
  .   ____          _            __ _ _
 /\\ / ___'_ __ _ _(_)_ __  __ _ \ \ \ \
( ( )\___ | '_ | '_| | '_ \/ _` | \ \ \ \
 \\/  ___)| |_)| | | | | || (_| |  ) ) ) )
  '  |____| .__|_| |_|_| |_\__, | / / / /
 =========|_|==============|___/=/_/_/_/
 :: Spring Boot ::                (v3.2.0)

2025-11-29T12:39:18.478Z  INFO 3952 --- [           main] c.t.c.LoadControllerIntegrationTest      : Starting LoadControllerIntegrationTest using Java 17.0.17 with PID 3952 (started by runner in /home/runner/work/transport-management-system/transport-management-system)
2025-11-29T12:39:18.479Z  INFO 3952 --- [           main] c.t.c.LoadControllerIntegrationTest      : No active profile set, falling back to 1 default profile: "default"
2025-11-29T12:39:18.592Z  INFO 3952 --- [           main] .s.d.r.c.RepositoryConfigurationDelegate : Bootstrapping Spring Data JPA repositories in DEFAULT mode.
2025-11-29T12:39:18.610Z  INFO 3952 --- [           main] .s.d.r.c.RepositoryConfigurationDelegate : Finished Spring Data repository scanning in 17 ms. Found 5 JPA repository interfaces.
2025-11-29T12:39:18.680Z  INFO 3952 --- [           main] o.hibernate.jpa.internal.util.LogHelper  : HHH000204: Processing PersistenceUnitInfo [name: default]
2025-11-29T12:39:18.682Z  INFO 3952 --- [           main] o.h.c.internal.RegionFactoryInitiator    : HHH000026: Second-level cache disabled
2025-11-29T12:39:18.685Z  INFO 3952 --- [           main] o.s.o.j.p.SpringPersistenceUnitInfo      : No LoadTimeWeaver setup: ignoring JPA class transformer
2025-11-29T12:39:18.685Z  INFO 3952 --- [           main] com.zaxxer.hikari.HikariDataSource       : HikariPool-6 - Starting...
2025-11-29T12:39:18.686Z  INFO 3952 --- [           main] com.zaxxer.hikari.pool.HikariPool        : HikariPool-6 - Added connection conn50: url=jdbc:h2:mem:testdb user=SA
2025-11-29T12:39:18.687Z  INFO 3952 --- [           main] com.zaxxer.hikari.HikariDataSource       : HikariPool-6 - Start completed.
2025-11-29T12:39:18.687Z  WARN 3952 --- [           main] org.hibernate.orm.deprecation            : HHH90000025: H2Dialect does not need to be specified explicitly using 'hibernate.dialect' (remove the property setting and it will be selected by default)
2025-11-29T12:39:18.752Z  INFO 3952 --- [           main] o.h.e.t.j.p.i.JtaPlatformInitiator       : HHH000489: No JTA platform available (set 'hibernate.transaction.jta.platform' to enable JTA platform integration)
Hibernate: 
    drop table if exists bids cascade 
Hibernate: 
    drop table if exists bookings cascade 
Hibernate: 
    drop table if exists loads cascade 
Hibernate: 
    drop table if exists transporters cascade 
Hibernate: 
    drop table if exists truck_capacities cascade 
Hibernate: 
    create table bids (
        proposed_rate float(53) not null,
        trucks_offered integer not null,
        submitted_at timestamp(6) not null,
        bid_id uuid not null,
        load_id uuid not null,
        transporter_id uuid not null,
        status varchar(255) not null check (status in ('PENDING','ACCEPTED','REJECTED')),
        primary key (bid_id)
    )
Hibernate: 
    create table bookings (
        allocated_trucks integer not null,
        final_rate float(53) not null,
        booked_at timestamp(6) not null,
        bid_id uuid not null unique,
        booking_id uuid not null,
        load_id uuid not null,
        transporter_id uuid not null,
        status varchar(255) not null check (status in ('CONFIRMED','COMPLETED','CANCELLED')),
        primary key (booking_id)
    )
Hibernate: 
    create table loads (
        no_of_trucks integer not null,
        weight float(53) not null,
        date_posted timestamp(6) not null,
        loading_date timestamp(6) not null,
        version bigint,
        load_id uuid not null,
        loading_city varchar(255) not null,
        product_type varchar(255) not null,
        shipper_id varchar(255) not null,
        status varchar(255) not null check (status in ('POSTED','OPEN_FOR_BIDS','BOOKED','CANCELLED')),
        truck_type varchar(255) not null,
        unloading_city varchar(255) not null,
        weight_unit varchar(255) not null check (weight_unit in ('KG','TON')),
        primary key (load_id)
    )
Hibernate: 
    create table transporters (
        rating float(53) not null,
        transporter_id uuid not null,
        company_name varchar(255) not null,
        primary key (transporter_id)
    )
Hibernate: 
    create table truck_capacities (
        count integer not null,
        id uuid not null,
        transporter_id uuid not null,
        truck_type varchar(255) not null,
        primary key (id)
    )
Hibernate: 
    create index idx_bid_load_id 
       on bids (load_id)
Hibernate: 
    create index idx_bid_transporter_id 
       on bids (transporter_id)
Hibernate: 
    create index idx_bid_status 
       on bids (status)
Hibernate: 
    create index idx_booking_load_id 
       on bookings (load_id)
Hibernate: 
    create index idx_booking_transporter_id 
       on bookings (transporter_id)
Hibernate: 
    create index idx_booking_status 
       on bookings (status)
Hibernate: 
    create index idx_load_shipper_id 
       on loads (shipper_id)
Hibernate: 
    create index idx_load_status 
       on loads (status)
Hibernate: 
    create index idx_transporter_company_name 
       on transporters (company_name)
Hibernate: 
    alter table if exists bids 
       add constraint FK472kgv75no5j99cn97kieeif4 
       foreign key (load_id) 
       references loads
Hibernate: 
    alter table if exists bids 
       add constraint FKvv99r7aspm62jr3ypl49ciew 
       foreign key (transporter_id) 
       references transporters
Hibernate: 
    alter table if exists bookings 
       add constraint FKq288csc6231owu9a8fai22emh 
       foreign key (bid_id) 
       references bids
Hibernate: 
    alter table if exists bookings 
       add constraint FK3h9wubhva9yo6todesnel1k9k 
       foreign key (load_id) 
       references loads
Hibernate: 
    alter table if exists bookings 
       add constraint FKll87sc69m7f3g4irjoircny42 
       foreign key (transporter_id) 
       references transporters
Hibernate: 
    alter table if exists truck_capacities 
       add constraint FK3dc2qg7xbxc5wkix7hghs1143 
       foreign key (transporter_id) 
       references transporters
2025-11-29T12:39:18.764Z  INFO 3952 --- [           main] j.LocalContainerEntityManagerFactoryBean : Initialized JPA EntityManagerFactory for persistence unit 'default'
2025-11-29T12:39:18.880Z  WARN 3952 --- [           main] JpaBaseConfiguration$JpaWebConfiguration : spring.jpa.open-in-view is enabled by default. Therefore, database queries may be performed during view rendering. Explicitly configure spring.jpa.open-in-view to disable this warning
2025-11-29T12:39:18.939Z  INFO 3952 --- [           main] o.s.b.a.h2.H2ConsoleAutoConfiguration    : H2 console available at '/h2-console'. Database available at 'jdbc:h2:mem:testdb'
2025-11-29T12:39:18.948Z  INFO 3952 --- [           main] o.s.b.t.m.w.SpringBootMockServletContext : Initializing Spring TestDispatcherServlet ''
2025-11-29T12:39:18.948Z  INFO 3952 --- [           main] o.s.t.web.servlet.TestDispatcherServlet  : Initializing Servlet ''
2025-11-29T12:39:18.949Z  INFO 3952 --- [           main] o.s.t.web.servlet.TestDispatcherServlet  : Completed initialization in 0 ms
2025-11-29T12:39:18.953Z  INFO 3952 --- [           main] c.t.c.LoadControllerIntegrationTest      : Started LoadControllerIntegrationTest in 0.494 seconds (process running for 10.536)
Hibernate: 
    select
        sum(b1_0.allocated_trucks) 
    from
        bookings b1_0 
    where
        b1_0.load_id=? 
        and b1_0.status!='CANCELLED'
Hibernate: 
    insert 
    into
        loads
        (date_posted, loading_city, loading_date, no_of_trucks, product_type, shipper_id, status, truck_type, unloading_city, version, weight, weight_unit, load_id) 
    values
        (?, ?, ?, ?, ?, ?, ?, ?, ?, ?, ?, ?, ?)
2025-11-29T12:39:18.991Z  INFO 3952 --- [           main] j.LocalContainerEntityManagerFactoryBean : Closing JPA EntityManagerFactory for persistence unit 'default'
Hibernate: 
    drop table if exists bids cascade 
Hibernate: 
    drop table if exists bookings cascade 
Hibernate: 
    drop table if exists loads cascade 
Hibernate: 
    drop table if exists transporters cascade 
Hibernate: 
    drop table if exists truck_capacities cascade 
2025-11-29T12:39:18.994Z  INFO 3952 --- [           main] com.zaxxer.hikari.HikariDataSource       : HikariPool-6 - Shutdown initiated...
2025-11-29T12:39:18.995Z  INFO 3952 --- [           main] com.zaxxer.hikari.HikariDataSource       : HikariPool-6 - Shutdown completed.
]]></system-out>
  </testcase>
  <testcase name="createLoad_ValidationError" classname="com.tms.controller.LoadControllerIntegrationTest" time="0.031">
    <system-out><![CDATA[
  .   ____          _            __ _ _
 /\\ / ___'_ __ _ _(_)_ __  __ _ \ \ \ \
( ( )\___ | '_ | '_| | '_ \/ _` | \ \ \ \
 \\/  ___)| |_)| | | | | || (_| |  ) ) ) )
  '  |____| .__|_| |_|_| |_\__, | / / / /
 =========|_|==============|___/=/_/_/_/
 :: Spring Boot ::                (v3.2.0)

2025-11-29T12:39:19.015Z  INFO 3952 --- [           main] c.t.c.LoadControllerIntegrationTest      : Starting LoadControllerIntegrationTest using Java 17.0.17 with PID 3952 (started by runner in /home/runner/work/transport-management-system/transport-management-system)
2025-11-29T12:39:19.015Z  INFO 3952 --- [           main] c.t.c.LoadControllerIntegrationTest      : No active profile set, falling back to 1 default profile: "default"
2025-11-29T12:39:19.131Z  INFO 3952 --- [           main] .s.d.r.c.RepositoryConfigurationDelegate : Bootstrapping Spring Data JPA repositories in DEFAULT mode.
2025-11-29T12:39:19.138Z  INFO 3952 --- [           main] .s.d.r.c.RepositoryConfigurationDelegate : Finished Spring Data repository scanning in 6 ms. Found 5 JPA repository interfaces.
2025-11-29T12:39:19.185Z  INFO 3952 --- [           main] o.hibernate.jpa.internal.util.LogHelper  : HHH000204: Processing PersistenceUnitInfo [name: default]
2025-11-29T12:39:19.186Z  INFO 3952 --- [           main] o.h.c.internal.RegionFactoryInitiator    : HHH000026: Second-level cache disabled
2025-11-29T12:39:19.188Z  INFO 3952 --- [           main] o.s.o.j.p.SpringPersistenceUnitInfo      : No LoadTimeWeaver setup: ignoring JPA class transformer
2025-11-29T12:39:19.189Z  INFO 3952 --- [           main] com.zaxxer.hikari.HikariDataSource       : HikariPool-7 - Starting...
2025-11-29T12:39:19.190Z  INFO 3952 --- [           main] com.zaxxer.hikari.pool.HikariPool        : HikariPool-7 - Added connection conn60: url=jdbc:h2:mem:testdb user=SA
2025-11-29T12:39:19.190Z  INFO 3952 --- [           main] com.zaxxer.hikari.HikariDataSource       : HikariPool-7 - Start completed.
2025-11-29T12:39:19.190Z  WARN 3952 --- [           main] org.hibernate.orm.deprecation            : HHH90000025: H2Dialect does not need to be specified explicitly using 'hibernate.dialect' (remove the property setting and it will be selected by default)
2025-11-29T12:39:19.250Z  INFO 3952 --- [           main] o.h.e.t.j.p.i.JtaPlatformInitiator       : HHH000489: No JTA platform available (set 'hibernate.transaction.jta.platform' to enable JTA platform integration)
Hibernate: 
    drop table if exists bids cascade 
Hibernate: 
    drop table if exists bookings cascade 
Hibernate: 
    drop table if exists loads cascade 
Hibernate: 
    drop table if exists transporters cascade 
Hibernate: 
    drop table if exists truck_capacities cascade 
Hibernate: 
    create table bids (
        proposed_rate float(53) not null,
        trucks_offered integer not null,
        submitted_at timestamp(6) not null,
        bid_id uuid not null,
        load_id uuid not null,
        transporter_id uuid not null,
        status varchar(255) not null check (status in ('PENDING','ACCEPTED','REJECTED')),
        primary key (bid_id)
    )
Hibernate: 
    create table bookings (
        allocated_trucks integer not null,
        final_rate float(53) not null,
        booked_at timestamp(6) not null,
        bid_id uuid not null unique,
        booking_id uuid not null,
        load_id uuid not null,
        transporter_id uuid not null,
        status varchar(255) not null check (status in ('CONFIRMED','COMPLETED','CANCELLED')),
        primary key (booking_id)
    )
Hibernate: 
    create table loads (
        no_of_trucks integer not null,
        weight float(53) not null,
        date_posted timestamp(6) not null,
        loading_date timestamp(6) not null,
        version bigint,
        load_id uuid not null,
        loading_city varchar(255) not null,
        product_type varchar(255) not null,
        shipper_id varchar(255) not null,
        status varchar(255) not null check (status in ('POSTED','OPEN_FOR_BIDS','BOOKED','CANCELLED')),
        truck_type varchar(255) not null,
        unloading_city varchar(255) not null,
        weight_unit varchar(255) not null check (weight_unit in ('KG','TON')),
        primary key (load_id)
    )
Hibernate: 
    create table transporters (
        rating float(53) not null,
        transporter_id uuid not null,
        company_name varchar(255) not null,
        primary key (transporter_id)
    )
Hibernate: 
    create table truck_capacities (
        count integer not null,
        id uuid not null,
        transporter_id uuid not null,
        truck_type varchar(255) not null,
        primary key (id)
    )
Hibernate: 
    create index idx_bid_load_id 
       on bids (load_id)
Hibernate: 
    create index idx_bid_transporter_id 
       on bids (transporter_id)
Hibernate: 
    create index idx_bid_status 
       on bids (status)
Hibernate: 
    create index idx_booking_load_id 
       on bookings (load_id)
Hibernate: 
    create index idx_booking_transporter_id 
       on bookings (transporter_id)
Hibernate: 
    create index idx_booking_status 
       on bookings (status)
Hibernate: 
    create index idx_load_shipper_id 
       on loads (shipper_id)
Hibernate: 
    create index idx_load_status 
       on loads (status)
Hibernate: 
    create index idx_transporter_company_name 
       on transporters (company_name)
Hibernate: 
    alter table if exists bids 
       add constraint FK472kgv75no5j99cn97kieeif4 
       foreign key (load_id) 
       references loads
Hibernate: 
    alter table if exists bids 
       add constraint FKvv99r7aspm62jr3ypl49ciew 
       foreign key (transporter_id) 
       references transporters
Hibernate: 
    alter table if exists bookings 
       add constraint FKq288csc6231owu9a8fai22emh 
       foreign key (bid_id) 
       references bids
Hibernate: 
    alter table if exists bookings 
       add constraint FK3h9wubhva9yo6todesnel1k9k 
       foreign key (load_id) 
       references loads
Hibernate: 
    alter table if exists bookings 
       add constraint FKll87sc69m7f3g4irjoircny42 
       foreign key (transporter_id) 
       references transporters
Hibernate: 
    alter table if exists truck_capacities 
       add constraint FK3dc2qg7xbxc5wkix7hghs1143 
       foreign key (transporter_id) 
       references transporters
2025-11-29T12:39:19.263Z  INFO 3952 --- [           main] j.LocalContainerEntityManagerFactoryBean : Initialized JPA EntityManagerFactory for persistence unit 'default'
2025-11-29T12:39:19.383Z  WARN 3952 --- [           main] JpaBaseConfiguration$JpaWebConfiguration : spring.jpa.open-in-view is enabled by default. Therefore, database queries may be performed during view rendering. Explicitly configure spring.jpa.open-in-view to disable this warning
2025-11-29T12:39:19.442Z  INFO 3952 --- [           main] o.s.b.a.h2.H2ConsoleAutoConfiguration    : H2 console available at '/h2-console'. Database available at 'jdbc:h2:mem:testdb'
2025-11-29T12:39:19.453Z  INFO 3952 --- [           main] o.s.b.t.m.w.SpringBootMockServletContext : Initializing Spring TestDispatcherServlet ''
2025-11-29T12:39:19.453Z  INFO 3952 --- [           main] o.s.t.web.servlet.TestDispatcherServlet  : Initializing Servlet ''
2025-11-29T12:39:19.453Z  INFO 3952 --- [           main] o.s.t.web.servlet.TestDispatcherServlet  : Completed initialization in 0 ms
2025-11-29T12:39:19.460Z  INFO 3952 --- [           main] c.t.c.LoadControllerIntegrationTest      : Started LoadControllerIntegrationTest in 0.462 seconds (process running for 11.042)
2025-11-29T12:39:19.487Z  INFO 3952 --- [           main] j.LocalContainerEntityManagerFactoryBean : Closing JPA EntityManagerFactory for persistence unit 'default'
Hibernate: 
    drop table if exists bids cascade 
Hibernate: 
    drop table if exists bookings cascade 
Hibernate: 
    drop table if exists loads cascade 
Hibernate: 
    drop table if exists transporters cascade 
Hibernate: 
    drop table if exists truck_capacities cascade 
2025-11-29T12:39:19.490Z  INFO 3952 --- [           main] com.zaxxer.hikari.HikariDataSource       : HikariPool-7 - Shutdown initiated...
2025-11-29T12:39:19.491Z  INFO 3952 --- [           main] com.zaxxer.hikari.HikariDataSource       : HikariPool-7 - Shutdown completed.
]]></system-out>
  </testcase>
</testsuite>