<?xml version="1.0" encoding="UTF-8"?>
<testsuite xmlns:xsi="http://www.w3.org/2001/XMLSchema-instance" xsi:noNamespaceSchemaLocation="https://maven.apache.org/surefire/maven-surefire-plugin/xsd/surefire-test-report-3.0.xsd" version="3.0" name="com.tms.controller.BookingFlowIntegrationTest" time="2.863" tests="5" errors="0" skipped="0" failures="0">
  <properties>
[...]
</properties>
  <testcase name="completeBookingFlow_Success" classname="com.tms.controller.BookingFlowIntegrationTest" time="0.236">
    <system-out><![CDATA[2025-11-29T12:39:19.495Z  INFO 3952 --- [           main] t.c.s.AnnotationConfigContextLoaderUtils : Could not detect default configuration classes for test class [com.tms.controller.BookingFlowIntegrationTest]: BookingFlowIntegrationTest does not declare any static, non-private, non-final, nested classes annotated with @Configuration.
2025-11-29T12:39:19.497Z  INFO 3952 --- [           main] .b.t.c.SpringBootTestContextBootstrapper : Found @SpringBootConfiguration com.tms.TransportManagementSystemApplication for test class com.tms.controller.BookingFlowIntegrationTest

  .   ____          _            __ _ _
 /\\ / ___'_ __ _ _(_)_ __  __ _ \ \ \ \
( ( )\___ | '_ | '_| | '_ \/ _` | \ \ \ \
 \\/  ___)| |_)| | | | | || (_| |  ) ) ) )
  '  |____| .__|_| |_|_| |_\__, | / / / /
 =========|_|==============|___/=/_/_/_/
 :: Spring Boot ::                (v3.2.0)

2025-11-29T12:39:19.518Z  INFO 3952 --- [           main] c.t.c.BookingFlowIntegrationTest         : Starting BookingFlowIntegrationTest using Java 17.0.17 with PID 3952 (started by runner in /home/runner/work/transport-management-system/transport-management-system)
2025-11-29T12:39:19.518Z  INFO 3952 --- [           main] c.t.c.BookingFlowIntegrationTest         : No active profile set, falling back to 1 default profile: "default"
2025-11-29T12:39:19.610Z  INFO 3952 --- [           main] .s.d.r.c.RepositoryConfigurationDelegate : Bootstrapping Spring Data JPA repositories in DEFAULT mode.
2025-11-29T12:39:19.617Z  INFO 3952 --- [           main] .s.d.r.c.RepositoryConfigurationDelegate : Finished Spring Data repository scanning in 6 ms. Found 5 JPA repository interfaces.
2025-11-29T12:39:19.663Z  INFO 3952 --- [           main] o.hibernate.jpa.internal.util.LogHelper  : HHH000204: Processing PersistenceUnitInfo [name: default]
2025-11-29T12:39:19.665Z  INFO 3952 --- [           main] o.h.c.internal.RegionFactoryInitiator    : HHH000026: Second-level cache disabled
2025-11-29T12:39:19.667Z  INFO 3952 --- [           main] o.s.o.j.p.SpringPersistenceUnitInfo      : No LoadTimeWeaver setup: ignoring JPA class transformer
2025-11-29T12:39:19.667Z  INFO 3952 --- [           main] com.zaxxer.hikari.HikariDataSource       : HikariPool-8 - Starting...
2025-11-29T12:39:19.668Z  INFO 3952 --- [           main] com.zaxxer.hikari.pool.HikariPool        : HikariPool-8 - Added connection conn70: url=jdbc:h2:mem:testdb user=SA
2025-11-29T12:39:19.668Z  INFO 3952 --- [           main] com.zaxxer.hikari.HikariDataSource       : HikariPool-8 - Start completed.
2025-11-29T12:39:19.668Z  WARN 3952 --- [           main] org.hibernate.orm.deprecation            : HHH90000025: H2Dialect does not need to be specified explicitly using 'hibernate.dialect' (remove the property setting and it will be selected by default)
2025-11-29T12:39:19.730Z  INFO 3952 --- [           main] o.h.e.t.j.p.i.JtaPlatformInitiator       : HHH000489: No JTA platform available (set 'hibernate.transaction.jta.platform' to enable JTA platform integration)
Hibernate: 
    drop table if exists bids cascade 
Hibernate: 
    drop table if exists bookings cascade 
Hibernate: 
    drop table if exists loads cascade 
Hibernate: 
    drop table if exists transporters cascade 
Hibernate: 
    drop table if exists truck_capacities cascade 
Hibernate: 
    create table bids (
        proposed_rate float(53) not null,
        trucks_offered integer not null,
        submitted_at timestamp(6) not null,
        bid_id uuid not null,
        load_id uuid not null,
        transporter_id uuid not null,
        status varchar(255) not null check (status in ('PENDING','ACCEPTED','REJECTED')),
        primary key (bid_id)
    )
Hibernate: 
    create table bookings (
        allocated_trucks integer not null,
        final_rate float(53) not null,
        booked_at timestamp(6) not null,
        bid_id uuid not null unique,
        booking_id uuid not null,
        load_id uuid not null,
        transporter_id uuid not null,
        status varchar(255) not null check (status in ('CONFIRMED','COMPLETED','CANCELLED')),
        primary key (booking_id)
    )
Hibernate: 
    create table loads (
        no_of_trucks integer not null,
        weight float(53) not null,
        date_posted timestamp(6) not null,
        loading_date timestamp(6) not null,
        version bigint,
        load_id uuid not null,
        loading_city varchar(255) not null,
        product_type varchar(255) not null,
        shipper_id varchar(255) not null,
        status varchar(255) not null check (status in ('POSTED','OPEN_FOR_BIDS','BOOKED','CANCELLED')),
        truck_type varchar(255) not null,
        unloading_city varchar(255) not null,
        weight_unit varchar(255) not null check (weight_unit in ('KG','TON')),
        primary key (load_id)
    )
Hibernate: 
    create table transporters (
        rating float(53) not null,
        transporter_id uuid not null,
        company_name varchar(255) not null,
        primary key (transporter_id)
    )
Hibernate: 
    create table truck_capacities (
        count integer not null,
        id uuid not null,
        transporter_id uuid not null,
        truck_type varchar(255) not null,
        primary key (id)
    )
Hibernate: 
    create index idx_bid_load_id 
       on bids (load_id)
Hibernate: 
    create index idx_bid_transporter_id 
       on bids (transporter_id)
Hibernate: 
    create index idx_bid_status 
       on bids (status)
Hibernate: 
    create index idx_booking_load_id 
       on bookings (load_id)
Hibernate: 
    create index idx_booking_transporter_id 
       on bookings (transporter_id)
Hibernate: 
    create index idx_booking_status 
       on bookings (status)
Hibernate: 
    create index idx_load_shipper_id 
       on loads (shipper_id)
Hibernate: 
    create index idx_load_status 
       on loads (status)
Hibernate: 
    create index idx_transporter_company_name 
       on transporters (company_name)
Hibernate: 
    alter table if exists bids 
       add constraint FK472kgv75no5j99cn97kieeif4 
       foreign key (load_id) 
       references loads
Hibernate: 
    alter table if exists bids 
       add constraint FKvv99r7aspm62jr3ypl49ciew 
       foreign key (transporter_id) 
       references transporters
Hibernate: 
    alter table if exists bookings 
       add constraint FKq288csc6231owu9a8fai22emh 
       foreign key (bid_id) 
       references bids
Hibernate: 
    alter table if exists bookings 
       add constraint FK3h9wubhva9yo6todesnel1k9k 
       foreign key (load_id) 
       references loads
Hibernate: 
    alter table if exists bookings 
       add constraint FKll87sc69m7f3g4irjoircny42 
       foreign key (transporter_id) 
       references transporters
Hibernate: 
    alter table if exists truck_capacities 
       add constraint FK3dc2qg7xbxc5wkix7hghs1143 
       foreign key (transporter_id) 
       references transporters
2025-11-29T12:39:19.742Z  INFO 3952 --- [           main] j.LocalContainerEntityManagerFactoryBean : Initialized JPA EntityManagerFactory for persistence unit 'default'
2025-11-29T12:39:19.866Z  WARN 3952 --- [           main] JpaBaseConfiguration$JpaWebConfiguration : spring.jpa.open-in-view is enabled by default. Therefore, database queries may be performed during view rendering. Explicitly configure spring.jpa.open-in-view to disable this warning
2025-11-29T12:39:19.927Z  INFO 3952 --- [           main] o.s.b.a.h2.H2ConsoleAutoConfiguration    : H2 console available at '/h2-console'. Database available at 'jdbc:h2:mem:testdb'
2025-11-29T12:39:19.937Z  INFO 3952 --- [           main] o.s.b.t.m.w.SpringBootMockServletContext : Initializing Spring TestDispatcherServlet ''
2025-11-29T12:39:19.937Z  INFO 3952 --- [           main] o.s.t.web.servlet.TestDispatcherServlet  : Initializing Servlet ''
2025-11-29T12:39:19.938Z  INFO 3952 --- [           main] o.s.t.web.servlet.TestDispatcherServlet  : Completed initialization in 1 ms
2025-11-29T12:39:19.944Z  INFO 3952 --- [           main] c.t.c.BookingFlowIntegrationTest         : Started BookingFlowIntegrationTest in 0.444 seconds (process running for 11.526)
Hibernate: 
    insert 
    into
        transporters
        (company_name, rating, transporter_id) 
    values
        (?, ?, ?)
Hibernate: 
    insert 
    into
        truck_capacities
        (count, transporter_id, truck_type, id) 
    values
        (?, ?, ?, ?)
Hibernate: 
    select
        sum(b1_0.allocated_trucks) 
    from
        bookings b1_0 
    where
        b1_0.load_id=? 
        and b1_0.status!='CANCELLED'
Hibernate: 
    insert 
    into
        loads
        (date_posted, loading_city, loading_date, no_of_trucks, product_type, shipper_id, status, truck_type, unloading_city, version, weight, weight_unit, load_id) 
    values
        (?, ?, ?, ?, ?, ?, ?, ?, ?, ?, ?, ?, ?)
Hibernate: 
    select
        l1_0.load_id,
        l1_0.date_posted,
        l1_0.loading_city,
        l1_0.loading_date,
        l1_0.no_of_trucks,
        l1_0.product_type,
        l1_0.shipper_id,
        l1_0.status,
        l1_0.truck_type,
        l1_0.unloading_city,
        l1_0.version,
        l1_0.weight,
        l1_0.weight_unit 
    from
        loads l1_0 
    where
        l1_0.load_id=?
Hibernate: 
    select
        t1_0.transporter_id,
        t1_0.company_name,
        t1_0.rating,
        at1_0.transporter_id,
        at1_0.id,
        at1_0.count,
        at1_0.truck_type 
    from
        transporters t1_0 
    left join
        truck_capacities at1_0 
            on t1_0.transporter_id=at1_0.transporter_id 
    where
        t1_0.transporter_id=?
Hibernate: 
    select
        sum(b1_0.allocated_trucks) 
    from
        bookings b1_0 
    where
        b1_0.load_id=? 
        and b1_0.status!='CANCELLED'
Hibernate: 
    select
        l1_0.load_id,
        l1_0.date_posted,
        l1_0.loading_city,
        l1_0.loading_date,
        l1_0.no_of_trucks,
        l1_0.product_type,
        l1_0.shipper_id,
        l1_0.status,
        l1_0.truck_type,
        l1_0.unloading_city,
        l1_0.version,
        l1_0.weight,
        l1_0.weight_unit 
    from
        loads l1_0 
    where
        l1_0.load_id=?
Hibernate: 
    insert 
    into
        bids
        (load_id, proposed_rate, status, submitted_at, transporter_id, trucks_offered, bid_id) 
    values
        (?, ?, ?, ?, ?, ?, ?)
Hibernate: 
    update
        loads 
    set
        loading_city=?,
        loading_date=?,
        no_of_trucks=?,
        product_type=?,
        shipper_id=?,
        status=?,
        truck_type=?,
        unloading_city=?,
        version=?,
        weight=?,
        weight_unit=? 
    where
        load_id=? 
        and version=?
Hibernate: 
    select
        l1_0.load_id,
        l1_0.date_posted,
        l1_0.loading_city,
        l1_0.loading_date,
        l1_0.no_of_trucks,
        l1_0.product_type,
        l1_0.shipper_id,
        l1_0.status,
        l1_0.truck_type,
        l1_0.unloading_city,
        l1_0.version,
        l1_0.weight,
        l1_0.weight_unit 
    from
        loads l1_0 
    where
        l1_0.load_id=?
Hibernate: 
    select
        b1_0.bid_id,
        b1_0.load_id,
        b1_0.proposed_rate,
        b1_0.status,
        b1_0.submitted_at,
        b1_0.transporter_id,
        b1_0.trucks_offered 
    from
        bids b1_0 
    where
        b1_0.load_id=? 
        and b1_0.status=?
Hibernate: 
    select
        t1_0.transporter_id,
        t1_0.company_name,
        t1_0.rating,
        at1_0.transporter_id,
        at1_0.id,
        at1_0.count,
        at1_0.truck_type 
    from
        transporters t1_0 
    left join
        truck_capacities at1_0 
            on t1_0.transporter_id=at1_0.transporter_id 
    where
        t1_0.transporter_id=?
Hibernate: 
    select
        sum(b1_0.allocated_trucks) 
    from
        bookings b1_0 
    where
        b1_0.load_id=? 
        and b1_0.status!='CANCELLED'
Hibernate: 
    select
        b1_0.bid_id,
        b1_0.load_id,
        b1_0.proposed_rate,
        b1_0.status,
        b1_0.submitted_at,
        b1_0.transporter_id,
        b1_0.trucks_offered 
    from
        bids b1_0 
    where
        b1_0.bid_id=?
Hibernate: 
    select
        l1_0.load_id,
        l1_0.date_posted,
        l1_0.loading_city,
        l1_0.loading_date,
        l1_0.no_of_trucks,
        l1_0.product_type,
        l1_0.shipper_id,
        l1_0.status,
        l1_0.truck_type,
        l1_0.unloading_city,
        l1_0.version,
        l1_0.weight,
        l1_0.weight_unit 
    from
        loads l1_0 
    where
        l1_0.load_id=?
Hibernate: 
    select
        sum(b1_0.allocated_trucks) 
    from
        bookings b1_0 
    where
        b1_0.load_id=? 
        and b1_0.status!='CANCELLED'
Hibernate: 
    select
        t1_0.transporter_id,
        t1_0.company_name,
        t1_0.rating,
        at1_0.transporter_id,
        at1_0.id,
        at1_0.count,
        at1_0.truck_type 
    from
        transporters t1_0 
    left join
        truck_capacities at1_0 
            on t1_0.transporter_id=at1_0.transporter_id 
    where
        t1_0.transporter_id=?
Hibernate: 
    select
        l1_0.load_id,
        l1_0.date_posted,
        l1_0.loading_city,
        l1_0.loading_date,
        l1_0.no_of_trucks,
        l1_0.product_type,
        l1_0.shipper_id,
        l1_0.status,
        l1_0.truck_type,
        l1_0.unloading_city,
        l1_0.version,
        l1_0.weight,
        l1_0.weight_unit 
    from
        loads l1_0 
    where
        l1_0.load_id=?
Hibernate: 
    insert 
    into
        bookings
        (allocated_trucks, bid_id, booked_at, final_rate, load_id, status, transporter_id, booking_id) 
    values
        (?, ?, ?, ?, ?, ?, ?, ?)
Hibernate: 
    update
        bids 
    set
        load_id=?,
        proposed_rate=?,
        status=?,
        transporter_id=?,
        trucks_offered=? 
    where
        bid_id=?
Hibernate: 
    update
        truck_capacities 
    set
        count=?,
        transporter_id=?,
        truck_type=? 
    where
        id=?
Hibernate: 
    select
        sum(b1_0.allocated_trucks) 
    from
        bookings b1_0 
    where
        b1_0.load_id=? 
        and b1_0.status!='CANCELLED'
Hibernate: 
    select
        version as version_ 
    from
        loads 
    where
        load_id=?
Hibernate: 
    select
        t1_0.transporter_id,
        t1_0.company_name,
        t1_0.rating,
        at1_0.transporter_id,
        at1_0.id,
        at1_0.count,
        at1_0.truck_type 
    from
        transporters t1_0 
    left join
        truck_capacities at1_0 
            on t1_0.transporter_id=at1_0.transporter_id 
    where
        t1_0.transporter_id=?
Hibernate: 
    select
        l1_0.load_id,
        l1_0.date_posted,
        l1_0.loading_city,
        l1_0.loading_date,
        l1_0.no_of_trucks,
        l1_0.product_type,
        l1_0.shipper_id,
        l1_0.status,
        l1_0.truck_type,
        l1_0.unloading_city,
        l1_0.version,
        l1_0.weight,
        l1_0.weight_unit 
    from
        loads l1_0 
    where
        l1_0.load_id=?
Hibernate: 
    select
        b1_0.bid_id,
        b1_0.load_id,
        b1_0.proposed_rate,
        b1_0.status,
        b1_0.submitted_at,
        b1_0.transporter_id,
        b1_0.trucks_offered 
    from
        bids b1_0 
    where
        b1_0.load_id=? 
        and b1_0.status=?
Hibernate: 
    select
        sum(b1_0.allocated_trucks) 
    from
        bookings b1_0 
    where
        b1_0.load_id=? 
        and b1_0.status!='CANCELLED'
Hibernate: 
    select
        b1_0.booking_id,
        b1_0.allocated_trucks,
        b1_0.bid_id,
        b1_0.booked_at,
        b1_0.final_rate,
        b1_0.load_id,
        b1_0.status,
        b1_0.transporter_id 
    from
        bookings b1_0 
    where
        b1_0.booking_id=?
Hibernate: 
    select
        l1_0.load_id,
        l1_0.date_posted,
        l1_0.loading_city,
        l1_0.loading_date,
        l1_0.no_of_trucks,
        l1_0.product_type,
        l1_0.shipper_id,
        l1_0.status,
        l1_0.truck_type,
        l1_0.unloading_city,
        l1_0.version,
        l1_0.weight,
        l1_0.weight_unit 
    from
        loads l1_0 
    where
        l1_0.load_id=?
Hibernate: 
    select
        t1_0.transporter_id,
        t1_0.company_name,
        t1_0.rating,
        at1_0.transporter_id,
        at1_0.id,
        at1_0.count,
        at1_0.truck_type 
    from
        transporters t1_0 
    left join
        truck_capacities at1_0 
            on t1_0.transporter_id=at1_0.transporter_id 
    where
        t1_0.transporter_id=?
Hibernate: 
    select
        l1_0.load_id,
        l1_0.date_posted,
        l1_0.loading_city,
        l1_0.loading_date,
        l1_0.no_of_trucks,
        l1_0.product_type,
        l1_0.shipper_id,
        l1_0.status,
        l1_0.truck_type,
        l1_0.unloading_city,
        l1_0.version,
        l1_0.weight,
        l1_0.weight_unit 
    from
        loads l1_0 
    where
        l1_0.load_id=?
Hibernate: 
    update
        bookings 
    set
        allocated_trucks=?,
        bid_id=?,
        final_rate=?,
        load_id=?,
        status=?,
        transporter_id=? 
    where
        booking_id=?
Hibernate: 
    update
        truck_capacities 
    set
        count=?,
        transporter_id=?,
        truck_type=? 
    where
        id=?
Hibernate: 
    select
        t1_0.transporter_id,
        t1_0.company_name,
        t1_0.rating,
        at1_0.transporter_id,
        at1_0.id,
        at1_0.count,
        at1_0.truck_type 
    from
        transporters t1_0 
    left join
        truck_capacities at1_0 
            on t1_0.transporter_id=at1_0.transporter_id 
    where
        t1_0.transporter_id=?
Hibernate: 
    select
        l1_0.load_id,
        l1_0.date_posted,
        l1_0.loading_city,
        l1_0.loading_date,
        l1_0.no_of_trucks,
        l1_0.product_type,
        l1_0.shipper_id,
        l1_0.status,
        l1_0.truck_type,
        l1_0.unloading_city,
        l1_0.version,
        l1_0.weight,
        l1_0.weight_unit 
    from
        loads l1_0 
    where
        l1_0.load_id=?
Hibernate: 
    select
        b1_0.bid_id,
        b1_0.load_id,
        b1_0.proposed_rate,
        b1_0.status,
        b1_0.submitted_at,
        b1_0.transporter_id,
        b1_0.trucks_offered 
    from
        bids b1_0 
    where
        b1_0.load_id=? 
        and b1_0.status=?
Hibernate: 
    select
        sum(b1_0.allocated_trucks) 
    from
        bookings b1_0 
    where
        b1_0.load_id=? 
        and b1_0.status!='CANCELLED'
2025-11-29T12:39:20.176Z  INFO 3952 --- [           main] j.LocalContainerEntityManagerFactoryBean : Closing JPA EntityManagerFactory for persistence unit 'default'
Hibernate: 
    drop table if exists bids cascade 
Hibernate: 
    drop table if exists bookings cascade 
Hibernate: 
    drop table if exists loads cascade 
Hibernate: 
    drop table if exists transporters cascade 
Hibernate: 
    drop table if exists truck_capacities cascade 
2025-11-29T12:39:20.179Z  INFO 3952 --- [           main] com.zaxxer.hikari.HikariDataSource       : HikariPool-8 - Shutdown initiated...
2025-11-29T12:39:20.180Z  INFO 3952 --- [           main] com.zaxxer.hikari.HikariDataSource       : HikariPool-8 - Shutdown completed.
]]></system-out>
  </testcase>
  <testcase name="bidOnCancelledLoad_ShouldFail" classname="com.tms.controller.BookingFlowIntegrationTest" time="0.088">
    <system-out><![CDATA[
  .   ____          _            __ _ _
 /\\ / ___'_ __ _ _(_)_ __  __ _ \ \ \ \
( ( )\___ | '_ | '_| | '_ \/ _` | \ \ \ \
 \\/  ___)| |_)| | | | | || (_| |  ) ) ) )
  '  |____| .__|_| |_|_| |_\__, | / / / /
 =========|_|==============|___/=/_/_/_/
 :: Spring Boot ::                (v3.2.0)

2025-11-29T12:39:20.206Z  INFO 3952 --- [           main] c.t.c.BookingFlowIntegrationTest         : Starting BookingFlowIntegrationTest using Java 17.0.17 with PID 3952 (started by runner in /home/runner/work/transport-management-system/transport-management-system)
2025-11-29T12:39:20.206Z  INFO 3952 --- [           main] c.t.c.BookingFlowIntegrationTest         : No active profile set, falling back to 1 default profile: "default"
2025-11-29T12:39:20.330Z  INFO 3952 --- [           main] .s.d.r.c.RepositoryConfigurationDelegate : Bootstrapping Spring Data JPA repositories in DEFAULT mode.
2025-11-29T12:39:20.338Z  INFO 3952 --- [           main] .s.d.r.c.RepositoryConfigurationDelegate : Finished Spring Data repository scanning in 7 ms. Found 5 JPA repository interfaces.
2025-11-29T12:39:20.395Z  INFO 3952 --- [           main] o.hibernate.jpa.internal.util.LogHelper  : HHH000204: Processing PersistenceUnitInfo [name: default]
2025-11-29T12:39:20.396Z  INFO 3952 --- [           main] o.h.c.internal.RegionFactoryInitiator    : HHH000026: Second-level cache disabled
2025-11-29T12:39:20.399Z  INFO 3952 --- [           main] o.s.o.j.p.SpringPersistenceUnitInfo      : No LoadTimeWeaver setup: ignoring JPA class transformer
2025-11-29T12:39:20.399Z  INFO 3952 --- [           main] com.zaxxer.hikari.HikariDataSource       : HikariPool-9 - Starting...
2025-11-29T12:39:20.400Z  INFO 3952 --- [           main] com.zaxxer.hikari.pool.HikariPool        : HikariPool-9 - Added connection conn80: url=jdbc:h2:mem:testdb user=SA
2025-11-29T12:39:20.401Z  INFO 3952 --- [           main] com.zaxxer.hikari.HikariDataSource       : HikariPool-9 - Start completed.
2025-11-29T12:39:20.401Z  WARN 3952 --- [           main] org.hibernate.orm.deprecation            : HHH90000025: H2Dialect does not need to be specified explicitly using 'hibernate.dialect' (remove the property setting and it will be selected by default)
2025-11-29T12:39:20.465Z  INFO 3952 --- [           main] o.h.e.t.j.p.i.JtaPlatformInitiator       : HHH000489: No JTA platform available (set 'hibernate.transaction.jta.platform' to enable JTA platform integration)
Hibernate: 
    drop table if exists bids cascade 
Hibernate: 
    drop table if exists bookings cascade 
Hibernate: 
    drop table if exists loads cascade 
Hibernate: 
    drop table if exists transporters cascade 
Hibernate: 
    drop table if exists truck_capacities cascade 
Hibernate: 
    create table bids (
        proposed_rate float(53) not null,
        trucks_offered integer not null,
        submitted_at timestamp(6) not null,
        bid_id uuid not null,
        load_id uuid not null,
        transporter_id uuid not null,
        status varchar(255) not null check (status in ('PENDING','ACCEPTED','REJECTED')),
        primary key (bid_id)
    )
Hibernate: 
    create table bookings (
        allocated_trucks integer not null,
        final_rate float(53) not null,
        booked_at timestamp(6) not null,
        bid_id uuid not null unique,
        booking_id uuid not null,
        load_id uuid not null,
        transporter_id uuid not null,
        status varchar(255) not null check (status in ('CONFIRMED','COMPLETED','CANCELLED')),
        primary key (booking_id)
    )
Hibernate: 
    create table loads (
        no_of_trucks integer not null,
        weight float(53) not null,
        date_posted timestamp(6) not null,
        loading_date timestamp(6) not null,
        version bigint,
        load_id uuid not null,
        loading_city varchar(255) not null,
        product_type varchar(255) not null,
        shipper_id varchar(255) not null,
        status varchar(255) not null check (status in ('POSTED','OPEN_FOR_BIDS','BOOKED','CANCELLED')),
        truck_type varchar(255) not null,
        unloading_city varchar(255) not null,
        weight_unit varchar(255) not null check (weight_unit in ('KG','TON')),
        primary key (load_id)
    )
Hibernate: 
    create table transporters (
        rating float(53) not null,
        transporter_id uuid not null,
        company_name varchar(255) not null,
        primary key (transporter_id)
    )
Hibernate: 
    create table truck_capacities (
        count integer not null,
        id uuid not null,
        transporter_id uuid not null,
        truck_type varchar(255) not null,
        primary key (id)
    )
Hibernate: 
    create index idx_bid_load_id 
       on bids (load_id)
Hibernate: 
    create index idx_bid_transporter_id 
       on bids (transporter_id)
Hibernate: 
    create index idx_bid_status 
       on bids (status)
Hibernate: 
    create index idx_booking_load_id 
       on bookings (load_id)
Hibernate: 
    create index idx_booking_transporter_id 
       on bookings (transporter_id)
Hibernate: 
    create index idx_booking_status 
       on bookings (status)
Hibernate: 
    create index idx_load_shipper_id 
       on loads (shipper_id)
Hibernate: 
    create index idx_load_status 
       on loads (status)
Hibernate: 
    create index idx_transporter_company_name 
       on transporters (company_name)
Hibernate: 
    alter table if exists bids 
       add constraint FK472kgv75no5j99cn97kieeif4 
       foreign key (load_id) 
       references loads
Hibernate: 
    alter table if exists bids 
       add constraint FKvv99r7aspm62jr3ypl49ciew 
       foreign key (transporter_id) 
       references transporters
Hibernate: 
    alter table if exists bookings 
       add constraint FKq288csc6231owu9a8fai22emh 
       foreign key (bid_id) 
       references bids
Hibernate: 
    alter table if exists bookings 
       add constraint FK3h9wubhva9yo6todesnel1k9k 
       foreign key (load_id) 
       references loads
Hibernate: 
    alter table if exists bookings 
       add constraint FKll87sc69m7f3g4irjoircny42 
       foreign key (transporter_id) 
       references transporters
Hibernate: 
    alter table if exists truck_capacities 
       add constraint FK3dc2qg7xbxc5wkix7hghs1143 
       foreign key (transporter_id) 
       references transporters
2025-11-29T12:39:20.478Z  INFO 3952 --- [           main] j.LocalContainerEntityManagerFactoryBean : Initialized JPA EntityManagerFactory for persistence unit 'default'
2025-11-29T12:39:20.623Z  WARN 3952 --- [           main] JpaBaseConfiguration$JpaWebConfiguration : spring.jpa.open-in-view is enabled by default. Therefore, database queries may be performed during view rendering. Explicitly configure spring.jpa.open-in-view to disable this warning
2025-11-29T12:39:20.690Z  INFO 3952 --- [           main] o.s.b.a.h2.H2ConsoleAutoConfiguration    : H2 console available at '/h2-console'. Database available at 'jdbc:h2:mem:testdb'
2025-11-29T12:39:20.702Z  INFO 3952 --- [           main] o.s.b.t.m.w.SpringBootMockServletContext : Initializing Spring TestDispatcherServlet ''
2025-11-29T12:39:20.702Z  INFO 3952 --- [           main] o.s.t.web.servlet.TestDispatcherServlet  : Initializing Servlet ''
2025-11-29T12:39:20.702Z  INFO 3952 --- [           main] o.s.t.web.servlet.TestDispatcherServlet  : Completed initialization in 0 ms
2025-11-29T12:39:20.710Z  INFO 3952 --- [           main] c.t.c.BookingFlowIntegrationTest         : Started BookingFlowIntegrationTest in 0.528 seconds (process running for 12.292)
Hibernate: 
    insert 
    into
        transporters
        (company_name, rating, transporter_id) 
    values
        (?, ?, ?)
Hibernate: 
    insert 
    into
        truck_capacities
        (count, transporter_id, truck_type, id) 
    values
        (?, ?, ?, ?)
Hibernate: 
    select
        sum(b1_0.allocated_trucks) 
    from
        bookings b1_0 
    where
        b1_0.load_id=? 
        and b1_0.status!='CANCELLED'
Hibernate: 
    insert 
    into
        loads
        (date_posted, loading_city, loading_date, no_of_trucks, product_type, shipper_id, status, truck_type, unloading_city, version, weight, weight_unit, load_id) 
    values
        (?, ?, ?, ?, ?, ?, ?, ?, ?, ?, ?, ?, ?)
Hibernate: 
    select
        l1_0.load_id,
        l1_0.date_posted,
        l1_0.loading_city,
        l1_0.loading_date,
        l1_0.no_of_trucks,
        l1_0.product_type,
        l1_0.shipper_id,
        l1_0.status,
        l1_0.truck_type,
        l1_0.unloading_city,
        l1_0.version,
        l1_0.weight,
        l1_0.weight_unit 
    from
        loads l1_0 
    where
        l1_0.load_id=?
Hibernate: 
    select
        b1_0.bid_id,
        b1_0.load_id,
        b1_0.proposed_rate,
        b1_0.status,
        b1_0.submitted_at,
        b1_0.transporter_id,
        b1_0.trucks_offered 
    from
        bids b1_0 
    where
        b1_0.load_id=? 
        and b1_0.status=?
Hibernate: 
    select
        sum(b1_0.allocated_trucks) 
    from
        bookings b1_0 
    where
        b1_0.load_id=? 
        and b1_0.status!='CANCELLED'
Hibernate: 
    update
        loads 
    set
        loading_city=?,
        loading_date=?,
        no_of_trucks=?,
        product_type=?,
        shipper_id=?,
        status=?,
        truck_type=?,
        unloading_city=?,
        version=?,
        weight=?,
        weight_unit=? 
    where
        load_id=? 
        and version=?
Hibernate: 
    select
        version as version_ 
    from
        loads 
    where
        load_id=?
Hibernate: 
    select
        l1_0.load_id,
        l1_0.date_posted,
        l1_0.loading_city,
        l1_0.loading_date,
        l1_0.no_of_trucks,
        l1_0.product_type,
        l1_0.shipper_id,
        l1_0.status,
        l1_0.truck_type,
        l1_0.unloading_city,
        l1_0.version,
        l1_0.weight,
        l1_0.weight_unit 
    from
        loads l1_0 
    where
        l1_0.load_id=?
2025-11-29T12:39:20.796Z  INFO 3952 --- [           main] j.LocalContainerEntityManagerFactoryBean : Closing JPA EntityManagerFactory for persistence unit 'default'
Hibernate: 
    drop table if exists bids cascade 
Hibernate: 
    drop table if exists bookings cascade 
Hibernate: 
    drop table if exists loads cascade 
Hibernate: 
    drop table if exists transporters cascade 
Hibernate: 
    drop table if exists truck_capacities cascade 
2025-11-29T12:39:20.798Z  INFO 3952 --- [           main] com.zaxxer.hikari.HikariDataSource       : HikariPool-9 - Shutdown initiated...
2025-11-29T12:39:20.799Z  INFO 3952 --- [           main] com.zaxxer.hikari.HikariDataSource       : HikariPool-9 - Shutdown completed.
]]></system-out>
  </testcase>
  <testcase name="bidExceedsCapacity_ShouldFail" classname="com.tms.controller.BookingFlowIntegrationTest" time="0.075">
    <system-out><![CDATA[
  .   ____          _            __ _ _
 /\\ / ___'_ __ _ _(_)_ __  __ _ \ \ \ \
( ( )\___ | '_ | '_| | '_ \/ _` | \ \ \ \
 \\/  ___)| |_)| | | | | || (_| |  ) ) ) )
  '  |____| .__|_| |_|_| |_\__, | / / / /
 =========|_|==============|___/=/_/_/_/
 :: Spring Boot ::                (v3.2.0)

2025-11-29T12:39:20.818Z  INFO 3952 --- [           main] c.t.c.BookingFlowIntegrationTest         : Starting BookingFlowIntegrationTest using Java 17.0.17 with PID 3952 (started by runner in /home/runner/work/transport-management-system/transport-management-system)
2025-11-29T12:39:20.818Z  INFO 3952 --- [           main] c.t.c.BookingFlowIntegrationTest         : No active profile set, falling back to 1 default profile: "default"
2025-11-29T12:39:20.931Z  INFO 3952 --- [           main] .s.d.r.c.RepositoryConfigurationDelegate : Bootstrapping Spring Data JPA repositories in DEFAULT mode.
2025-11-29T12:39:20.938Z  INFO 3952 --- [           main] .s.d.r.c.RepositoryConfigurationDelegate : Finished Spring Data repository scanning in 6 ms. Found 5 JPA repository interfaces.
2025-11-29T12:39:20.991Z  INFO 3952 --- [           main] o.hibernate.jpa.internal.util.LogHelper  : HHH000204: Processing PersistenceUnitInfo [name: default]
2025-11-29T12:39:20.992Z  INFO 3952 --- [           main] o.h.c.internal.RegionFactoryInitiator    : HHH000026: Second-level cache disabled
2025-11-29T12:39:20.995Z  INFO 3952 --- [           main] o.s.o.j.p.SpringPersistenceUnitInfo      : No LoadTimeWeaver setup: ignoring JPA class transformer
2025-11-29T12:39:20.995Z  INFO 3952 --- [           main] com.zaxxer.hikari.HikariDataSource       : HikariPool-10 - Starting...
2025-11-29T12:39:20.996Z  INFO 3952 --- [           main] com.zaxxer.hikari.pool.HikariPool        : HikariPool-10 - Added connection conn90: url=jdbc:h2:mem:testdb user=SA
2025-11-29T12:39:20.996Z  INFO 3952 --- [           main] com.zaxxer.hikari.HikariDataSource       : HikariPool-10 - Start completed.
2025-11-29T12:39:20.997Z  WARN 3952 --- [           main] org.hibernate.orm.deprecation            : HHH90000025: H2Dialect does not need to be specified explicitly using 'hibernate.dialect' (remove the property setting and it will be selected by default)
2025-11-29T12:39:21.058Z  INFO 3952 --- [           main] o.h.e.t.j.p.i.JtaPlatformInitiator       : HHH000489: No JTA platform available (set 'hibernate.transaction.jta.platform' to enable JTA platform integration)
Hibernate: 
    drop table if exists bids cascade 
Hibernate: 
    drop table if exists bookings cascade 
Hibernate: 
    drop table if exists loads cascade 
Hibernate: 
    drop table if exists transporters cascade 
Hibernate: 
    drop table if exists truck_capacities cascade 
Hibernate: 
    create table bids (
        proposed_rate float(53) not null,
        trucks_offered integer not null,
        submitted_at timestamp(6) not null,
        bid_id uuid not null,
        load_id uuid not null,
        transporter_id uuid not null,
        status varchar(255) not null check (status in ('PENDING','ACCEPTED','REJECTED')),
        primary key (bid_id)
    )
Hibernate: 
    create table bookings (
        allocated_trucks integer not null,
        final_rate float(53) not null,
        booked_at timestamp(6) not null,
        bid_id uuid not null unique,
        booking_id uuid not null,
        load_id uuid not null,
        transporter_id uuid not null,
        status varchar(255) not null check (status in ('CONFIRMED','COMPLETED','CANCELLED')),
        primary key (booking_id)
    )
Hibernate: 
    create table loads (
        no_of_trucks integer not null,
        weight float(53) not null,
        date_posted timestamp(6) not null,
        loading_date timestamp(6) not null,
        version bigint,
        load_id uuid not null,
        loading_city varchar(255) not null,
        product_type varchar(255) not null,
        shipper_id varchar(255) not null,
        status varchar(255) not null check (status in ('POSTED','OPEN_FOR_BIDS','BOOKED','CANCELLED')),
        truck_type varchar(255) not null,
        unloading_city varchar(255) not null,
        weight_unit varchar(255) not null check (weight_unit in ('KG','TON')),
        primary key (load_id)
    )
Hibernate: 
    create table transporters (
        rating float(53) not null,
        transporter_id uuid not null,
        company_name varchar(255) not null,
        primary key (transporter_id)
    )
Hibernate: 
    create table truck_capacities (
        count integer not null,
        id uuid not null,
        transporter_id uuid not null,
        truck_type varchar(255) not null,
        primary key (id)
    )
Hibernate: 
    create index idx_bid_load_id 
       on bids (load_id)
Hibernate: 
    create index idx_bid_transporter_id 
       on bids (transporter_id)
Hibernate: 
    create index idx_bid_status 
       on bids (status)
Hibernate: 
    create index idx_booking_load_id 
       on bookings (load_id)
Hibernate: 
    create index idx_booking_transporter_id 
       on bookings (transporter_id)
Hibernate: 
    create index idx_booking_status 
       on bookings (status)
Hibernate: 
    create index idx_load_shipper_id 
       on loads (shipper_id)
Hibernate: 
    create index idx_load_status 
       on loads (status)
Hibernate: 
    create index idx_transporter_company_name 
       on transporters (company_name)
Hibernate: 
    alter table if exists bids 
       add constraint FK472kgv75no5j99cn97kieeif4 
       foreign key (load_id) 
       references loads
Hibernate: 
    alter table if exists bids 
       add constraint FKvv99r7aspm62jr3ypl49ciew 
       foreign key (transporter_id) 
       references transporters
Hibernate: 
    alter table if exists bookings 
       add constraint FKq288csc6231owu9a8fai22emh 
       foreign key (bid_id) 
       references bids
Hibernate: 
    alter table if exists bookings 
       add constraint FK3h9wubhva9yo6todesnel1k9k 
       foreign key (load_id) 
       references loads
Hibernate: 
    alter table if exists bookings 
       add constraint FKll87sc69m7f3g4irjoircny42 
       foreign key (transporter_id) 
       references transporters
Hibernate: 
    alter table if exists truck_capacities 
       add constraint FK3dc2qg7xbxc5wkix7hghs1143 
       foreign key (transporter_id) 
       references transporters
2025-11-29T12:39:21.070Z  INFO 3952 --- [           main] j.LocalContainerEntityManagerFactoryBean : Initialized JPA EntityManagerFactory for persistence unit 'default'
2025-11-29T12:39:21.195Z  WARN 3952 --- [           main] JpaBaseConfiguration$JpaWebConfiguration : spring.jpa.open-in-view is enabled by default. Therefore, database queries may be performed during view rendering. Explicitly configure spring.jpa.open-in-view to disable this warning
2025-11-29T12:39:21.250Z  INFO 3952 --- [           main] o.s.b.a.h2.H2ConsoleAutoConfiguration    : H2 console available at '/h2-console'. Database available at 'jdbc:h2:mem:testdb'
2025-11-29T12:39:21.258Z  INFO 3952 --- [           main] o.s.b.t.m.w.SpringBootMockServletContext : Initializing Spring TestDispatcherServlet ''
2025-11-29T12:39:21.258Z  INFO 3952 --- [           main] o.s.t.web.servlet.TestDispatcherServlet  : Initializing Servlet ''
2025-11-29T12:39:21.259Z  INFO 3952 --- [           main] o.s.t.web.servlet.TestDispatcherServlet  : Completed initialization in 1 ms
2025-11-29T12:39:21.268Z  INFO 3952 --- [           main] c.t.c.BookingFlowIntegrationTest         : Started BookingFlowIntegrationTest in 0.467 seconds (process running for 12.85)
Hibernate: 
    insert 
    into
        transporters
        (company_name, rating, transporter_id) 
    values
        (?, ?, ?)
Hibernate: 
    insert 
    into
        truck_capacities
        (count, transporter_id, truck_type, id) 
    values
        (?, ?, ?, ?)
Hibernate: 
    select
        sum(b1_0.allocated_trucks) 
    from
        bookings b1_0 
    where
        b1_0.load_id=? 
        and b1_0.status!='CANCELLED'
Hibernate: 
    insert 
    into
        loads
        (date_posted, loading_city, loading_date, no_of_trucks, product_type, shipper_id, status, truck_type, unloading_city, version, weight, weight_unit, load_id) 
    values
        (?, ?, ?, ?, ?, ?, ?, ?, ?, ?, ?, ?, ?)
Hibernate: 
    select
        l1_0.load_id,
        l1_0.date_posted,
        l1_0.loading_city,
        l1_0.loading_date,
        l1_0.no_of_trucks,
        l1_0.product_type,
        l1_0.shipper_id,
        l1_0.status,
        l1_0.truck_type,
        l1_0.unloading_city,
        l1_0.version,
        l1_0.weight,
        l1_0.weight_unit 
    from
        loads l1_0 
    where
        l1_0.load_id=?
Hibernate: 
    select
        t1_0.transporter_id,
        t1_0.company_name,
        t1_0.rating,
        at1_0.transporter_id,
        at1_0.id,
        at1_0.count,
        at1_0.truck_type 
    from
        transporters t1_0 
    left join
        truck_capacities at1_0 
            on t1_0.transporter_id=at1_0.transporter_id 
    where
        t1_0.transporter_id=?
2025-11-29T12:39:21.341Z  INFO 3952 --- [           main] j.LocalContainerEntityManagerFactoryBean : Closing JPA EntityManagerFactory for persistence unit 'default'
Hibernate: 
    drop table if exists bids cascade 
Hibernate: 
    drop table if exists bookings cascade 
Hibernate: 
    drop table if exists loads cascade 
Hibernate: 
    drop table if exists transporters cascade 
Hibernate: 
    drop table if exists truck_capacities cascade 
2025-11-29T12:39:21.343Z  INFO 3952 --- [           main] com.zaxxer.hikari.HikariDataSource       : HikariPool-10 - Shutdown initiated...
2025-11-29T12:39:21.344Z  INFO 3952 --- [           main] com.zaxxer.hikari.HikariDataSource       : HikariPool-10 - Shutdown completed.
]]></system-out>
  </testcase>
  <testcase name="multiTruckAllocation_FullyBooked" classname="com.tms.controller.BookingFlowIntegrationTest" time="0.127">
    <system-out><![CDATA[
  .   ____          _            __ _ _
 /\\ / ___'_ __ _ _(_)_ __  __ _ \ \ \ \
( ( )\___ | '_ | '_| | '_ \/ _` | \ \ \ \
 \\/  ___)| |_)| | | | | || (_| |  ) ) ) )
  '  |____| .__|_| |_|_| |_\__, | / / / /
 =========|_|==============|___/=/_/_/_/
 :: Spring Boot ::                (v3.2.0)

2025-11-29T12:39:21.361Z  INFO 3952 --- [           main] c.t.c.BookingFlowIntegrationTest         : Starting BookingFlowIntegrationTest using Java 17.0.17 with PID 3952 (started by runner in /home/runner/work/transport-management-system/transport-management-system)
2025-11-29T12:39:21.362Z  INFO 3952 --- [           main] c.t.c.BookingFlowIntegrationTest         : No active profile set, falling back to 1 default profile: "default"
2025-11-29T12:39:21.445Z  INFO 3952 --- [           main] .s.d.r.c.RepositoryConfigurationDelegate : Bootstrapping Spring Data JPA repositories in DEFAULT mode.
2025-11-29T12:39:21.451Z  INFO 3952 --- [           main] .s.d.r.c.RepositoryConfigurationDelegate : Finished Spring Data repository scanning in 5 ms. Found 5 JPA repository interfaces.
2025-11-29T12:39:21.488Z  INFO 3952 --- [           main] o.hibernate.jpa.internal.util.LogHelper  : HHH000204: Processing PersistenceUnitInfo [name: default]
2025-11-29T12:39:21.490Z  INFO 3952 --- [           main] o.h.c.internal.RegionFactoryInitiator    : HHH000026: Second-level cache disabled
2025-11-29T12:39:21.492Z  INFO 3952 --- [           main] o.s.o.j.p.SpringPersistenceUnitInfo      : No LoadTimeWeaver setup: ignoring JPA class transformer
2025-11-29T12:39:21.493Z  INFO 3952 --- [           main] com.zaxxer.hikari.HikariDataSource       : HikariPool-11 - Starting...
2025-11-29T12:39:21.494Z  INFO 3952 --- [           main] com.zaxxer.hikari.pool.HikariPool        : HikariPool-11 - Added connection conn100: url=jdbc:h2:mem:testdb user=SA
2025-11-29T12:39:21.494Z  INFO 3952 --- [           main] com.zaxxer.hikari.HikariDataSource       : HikariPool-11 - Start completed.
2025-11-29T12:39:21.494Z  WARN 3952 --- [           main] org.hibernate.orm.deprecation            : HHH90000025: H2Dialect does not need to be specified explicitly using 'hibernate.dialect' (remove the property setting and it will be selected by default)
2025-11-29T12:39:21.547Z  INFO 3952 --- [           main] o.h.e.t.j.p.i.JtaPlatformInitiator       : HHH000489: No JTA platform available (set 'hibernate.transaction.jta.platform' to enable JTA platform integration)
Hibernate: 
    drop table if exists bids cascade 
Hibernate: 
    drop table if exists bookings cascade 
Hibernate: 
    drop table if exists loads cascade 
Hibernate: 
    drop table if exists transporters cascade 
Hibernate: 
    drop table if exists truck_capacities cascade 
Hibernate: 
    create table bids (
        proposed_rate float(53) not null,
        trucks_offered integer not null,
        submitted_at timestamp(6) not null,
        bid_id uuid not null,
        load_id uuid not null,
        transporter_id uuid not null,
        status varchar(255) not null check (status in ('PENDING','ACCEPTED','REJECTED')),
        primary key (bid_id)
    )
Hibernate: 
    create table bookings (
        allocated_trucks integer not null,
        final_rate float(53) not null,
        booked_at timestamp(6) not null,
        bid_id uuid not null unique,
        booking_id uuid not null,
        load_id uuid not null,
        transporter_id uuid not null,
        status varchar(255) not null check (status in ('CONFIRMED','COMPLETED','CANCELLED')),
        primary key (booking_id)
    )
Hibernate: 
    create table loads (
        no_of_trucks integer not null,
        weight float(53) not null,
        date_posted timestamp(6) not null,
        loading_date timestamp(6) not null,
        version bigint,
        load_id uuid not null,
        loading_city varchar(255) not null,
        product_type varchar(255) not null,
        shipper_id varchar(255) not null,
        status varchar(255) not null check (status in ('POSTED','OPEN_FOR_BIDS','BOOKED','CANCELLED')),
        truck_type varchar(255) not null,
        unloading_city varchar(255) not null,
        weight_unit varchar(255) not null check (weight_unit in ('KG','TON')),
        primary key (load_id)
    )
Hibernate: 
    create table transporters (
        rating float(53) not null,
        transporter_id uuid not null,
        company_name varchar(255) not null,
        primary key (transporter_id)
    )
Hibernate: 
    create table truck_capacities (
        count integer not null,
        id uuid not null,
        transporter_id uuid not null,
        truck_type varchar(255) not null,
        primary key (id)
    )
Hibernate: 
    create index idx_bid_load_id 
       on bids (load_id)
Hibernate: 
    create index idx_bid_transporter_id 
       on bids (transporter_id)
Hibernate: 
    create index idx_bid_status 
       on bids (status)
Hibernate: 
    create index idx_booking_load_id 
       on bookings (load_id)
Hibernate: 
    create index idx_booking_transporter_id 
       on bookings (transporter_id)
Hibernate: 
    create index idx_booking_status 
       on bookings (status)
Hibernate: 
    create index idx_load_shipper_id 
       on loads (shipper_id)
Hibernate: 
    create index idx_load_status 
       on loads (status)
Hibernate: 
    create index idx_transporter_company_name 
       on transporters (company_name)
Hibernate: 
    alter table if exists bids 
       add constraint FK472kgv75no5j99cn97kieeif4 
       foreign key (load_id) 
       references loads
Hibernate: 
    alter table if exists bids 
       add constraint FKvv99r7aspm62jr3ypl49ciew 
       foreign key (transporter_id) 
       references transporters
Hibernate: 
    alter table if exists bookings 
       add constraint FKq288csc6231owu9a8fai22emh 
       foreign key (bid_id) 
       references bids
Hibernate: 
    alter table if exists bookings 
       add constraint FK3h9wubhva9yo6todesnel1k9k 
       foreign key (load_id) 
       references loads
Hibernate: 
    alter table if exists bookings 
       add constraint FKll87sc69m7f3g4irjoircny42 
       foreign key (transporter_id) 
       references transporters
Hibernate: 
    alter table if exists truck_capacities 
       add constraint FK3dc2qg7xbxc5wkix7hghs1143 
       foreign key (transporter_id) 
       references transporters
2025-11-29T12:39:21.558Z  INFO 3952 --- [           main] j.LocalContainerEntityManagerFactoryBean : Initialized JPA EntityManagerFactory for persistence unit 'default'
2025-11-29T12:39:21.651Z  WARN 3952 --- [           main] JpaBaseConfiguration$JpaWebConfiguration : spring.jpa.open-in-view is enabled by default. Therefore, database queries may be performed during view rendering. Explicitly configure spring.jpa.open-in-view to disable this warning
2025-11-29T12:39:21.709Z  INFO 3952 --- [           main] o.s.b.a.h2.H2ConsoleAutoConfiguration    : H2 console available at '/h2-console'. Database available at 'jdbc:h2:mem:testdb'
2025-11-29T12:39:21.717Z  INFO 3952 --- [           main] o.s.b.t.m.w.SpringBootMockServletContext : Initializing Spring TestDispatcherServlet ''
2025-11-29T12:39:21.717Z  INFO 3952 --- [           main] o.s.t.web.servlet.TestDispatcherServlet  : Initializing Servlet ''
2025-11-29T12:39:21.717Z  INFO 3952 --- [           main] o.s.t.web.servlet.TestDispatcherServlet  : Completed initialization in 0 ms
2025-11-29T12:39:21.722Z  INFO 3952 --- [           main] c.t.c.BookingFlowIntegrationTest         : Started BookingFlowIntegrationTest in 0.375 seconds (process running for 13.304)
Hibernate: 
    insert 
    into
        transporters
        (company_name, rating, transporter_id) 
    values
        (?, ?, ?)
Hibernate: 
    insert 
    into
        truck_capacities
        (count, transporter_id, truck_type, id) 
    values
        (?, ?, ?, ?)
Hibernate: 
    select
        sum(b1_0.allocated_trucks) 
    from
        bookings b1_0 
    where
        b1_0.load_id=? 
        and b1_0.status!='CANCELLED'
Hibernate: 
    insert 
    into
        loads
        (date_posted, loading_city, loading_date, no_of_trucks, product_type, shipper_id, status, truck_type, unloading_city, version, weight, weight_unit, load_id) 
    values
        (?, ?, ?, ?, ?, ?, ?, ?, ?, ?, ?, ?, ?)
Hibernate: 
    select
        l1_0.load_id,
        l1_0.date_posted,
        l1_0.loading_city,
        l1_0.loading_date,
        l1_0.no_of_trucks,
        l1_0.product_type,
        l1_0.shipper_id,
        l1_0.status,
        l1_0.truck_type,
        l1_0.unloading_city,
        l1_0.version,
        l1_0.weight,
        l1_0.weight_unit 
    from
        loads l1_0 
    where
        l1_0.load_id=?
Hibernate: 
    select
        t1_0.transporter_id,
        t1_0.company_name,
        t1_0.rating,
        at1_0.transporter_id,
        at1_0.id,
        at1_0.count,
        at1_0.truck_type 
    from
        transporters t1_0 
    left join
        truck_capacities at1_0 
            on t1_0.transporter_id=at1_0.transporter_id 
    where
        t1_0.transporter_id=?
Hibernate: 
    select
        sum(b1_0.allocated_trucks) 
    from
        bookings b1_0 
    where
        b1_0.load_id=? 
        and b1_0.status!='CANCELLED'
Hibernate: 
    select
        l1_0.load_id,
        l1_0.date_posted,
        l1_0.loading_city,
        l1_0.loading_date,
        l1_0.no_of_trucks,
        l1_0.product_type,
        l1_0.shipper_id,
        l1_0.status,
        l1_0.truck_type,
        l1_0.unloading_city,
        l1_0.version,
        l1_0.weight,
        l1_0.weight_unit 
    from
        loads l1_0 
    where
        l1_0.load_id=?
Hibernate: 
    insert 
    into
        bids
        (load_id, proposed_rate, status, submitted_at, transporter_id, trucks_offered, bid_id) 
    values
        (?, ?, ?, ?, ?, ?, ?)
Hibernate: 
    update
        loads 
    set
        loading_city=?,
        loading_date=?,
        no_of_trucks=?,
        product_type=?,
        shipper_id=?,
        status=?,
        truck_type=?,
        unloading_city=?,
        version=?,
        weight=?,
        weight_unit=? 
    where
        load_id=? 
        and version=?
Hibernate: 
    select
        b1_0.bid_id,
        b1_0.load_id,
        b1_0.proposed_rate,
        b1_0.status,
        b1_0.submitted_at,
        b1_0.transporter_id,
        b1_0.trucks_offered 
    from
        bids b1_0 
    where
        b1_0.bid_id=?
Hibernate: 
    select
        l1_0.load_id,
        l1_0.date_posted,
        l1_0.loading_city,
        l1_0.loading_date,
        l1_0.no_of_trucks,
        l1_0.product_type,
        l1_0.shipper_id,
        l1_0.status,
        l1_0.truck_type,
        l1_0.unloading_city,
        l1_0.version,
        l1_0.weight,
        l1_0.weight_unit 
    from
        loads l1_0 
    where
        l1_0.load_id=?
Hibernate: 
    select
        sum(b1_0.allocated_trucks) 
    from
        bookings b1_0 
    where
        b1_0.load_id=? 
        and b1_0.status!='CANCELLED'
Hibernate: 
    select
        t1_0.transporter_id,
        t1_0.company_name,
        t1_0.rating,
        at1_0.transporter_id,
        at1_0.id,
        at1_0.count,
        at1_0.truck_type 
    from
        transporters t1_0 
    left join
        truck_capacities at1_0 
            on t1_0.transporter_id=at1_0.transporter_id 
    where
        t1_0.transporter_id=?
Hibernate: 
    select
        l1_0.load_id,
        l1_0.date_posted,
        l1_0.loading_city,
        l1_0.loading_date,
        l1_0.no_of_trucks,
        l1_0.product_type,
        l1_0.shipper_id,
        l1_0.status,
        l1_0.truck_type,
        l1_0.unloading_city,
        l1_0.version,
        l1_0.weight,
        l1_0.weight_unit 
    from
        loads l1_0 
    where
        l1_0.load_id=?
Hibernate: 
    insert 
    into
        bookings
        (allocated_trucks, bid_id, booked_at, final_rate, load_id, status, transporter_id, booking_id) 
    values
        (?, ?, ?, ?, ?, ?, ?, ?)
Hibernate: 
    update
        bids 
    set
        load_id=?,
        proposed_rate=?,
        status=?,
        transporter_id=?,
        trucks_offered=? 
    where
        bid_id=?
Hibernate: 
    update
        truck_capacities 
    set
        count=?,
        transporter_id=?,
        truck_type=? 
    where
        id=?
Hibernate: 
    select
        sum(b1_0.allocated_trucks) 
    from
        bookings b1_0 
    where
        b1_0.load_id=? 
        and b1_0.status!='CANCELLED'
Hibernate: 
    select
        version as version_ 
    from
        loads 
    where
        load_id=?
Hibernate: 
    select
        l1_0.load_id,
        l1_0.date_posted,
        l1_0.loading_city,
        l1_0.loading_date,
        l1_0.no_of_trucks,
        l1_0.product_type,
        l1_0.shipper_id,
        l1_0.status,
        l1_0.truck_type,
        l1_0.unloading_city,
        l1_0.version,
        l1_0.weight,
        l1_0.weight_unit 
    from
        loads l1_0 
    where
        l1_0.load_id=?
Hibernate: 
    select
        b1_0.bid_id,
        b1_0.load_id,
        b1_0.proposed_rate,
        b1_0.status,
        b1_0.submitted_at,
        b1_0.transporter_id,
        b1_0.trucks_offered 
    from
        bids b1_0 
    where
        b1_0.load_id=? 
        and b1_0.status=?
Hibernate: 
    select
        sum(b1_0.allocated_trucks) 
    from
        bookings b1_0 
    where
        b1_0.load_id=? 
        and b1_0.status!='CANCELLED'
Hibernate: 
    select
        l1_0.load_id,
        l1_0.date_posted,
        l1_0.loading_city,
        l1_0.loading_date,
        l1_0.no_of_trucks,
        l1_0.product_type,
        l1_0.shipper_id,
        l1_0.status,
        l1_0.truck_type,
        l1_0.unloading_city,
        l1_0.version,
        l1_0.weight,
        l1_0.weight_unit 
    from
        loads l1_0 
    where
        l1_0.load_id=?
Hibernate: 
    select
        t1_0.transporter_id,
        t1_0.company_name,
        t1_0.rating,
        at1_0.transporter_id,
        at1_0.id,
        at1_0.count,
        at1_0.truck_type 
    from
        transporters t1_0 
    left join
        truck_capacities at1_0 
            on t1_0.transporter_id=at1_0.transporter_id 
    where
        t1_0.transporter_id=?
Hibernate: 
    select
        sum(b1_0.allocated_trucks) 
    from
        bookings b1_0 
    where
        b1_0.load_id=? 
        and b1_0.status!='CANCELLED'
Hibernate: 
    select
        l1_0.load_id,
        l1_0.date_posted,
        l1_0.loading_city,
        l1_0.loading_date,
        l1_0.no_of_trucks,
        l1_0.product_type,
        l1_0.shipper_id,
        l1_0.status,
        l1_0.truck_type,
        l1_0.unloading_city,
        l1_0.version,
        l1_0.weight,
        l1_0.weight_unit 
    from
        loads l1_0 
    where
        l1_0.load_id=?
Hibernate: 
    insert 
    into
        bids
        (load_id, proposed_rate, status, submitted_at, transporter_id, trucks_offered, bid_id) 
    values
        (?, ?, ?, ?, ?, ?, ?)
Hibernate: 
    select
        b1_0.bid_id,
        b1_0.load_id,
        b1_0.proposed_rate,
        b1_0.status,
        b1_0.submitted_at,
        b1_0.transporter_id,
        b1_0.trucks_offered 
    from
        bids b1_0 
    where
        b1_0.bid_id=?
Hibernate: 
    select
        l1_0.load_id,
        l1_0.date_posted,
        l1_0.loading_city,
        l1_0.loading_date,
        l1_0.no_of_trucks,
        l1_0.product_type,
        l1_0.shipper_id,
        l1_0.status,
        l1_0.truck_type,
        l1_0.unloading_city,
        l1_0.version,
        l1_0.weight,
        l1_0.weight_unit 
    from
        loads l1_0 
    where
        l1_0.load_id=?
Hibernate: 
    select
        sum(b1_0.allocated_trucks) 
    from
        bookings b1_0 
    where
        b1_0.load_id=? 
        and b1_0.status!='CANCELLED'
Hibernate: 
    select
        t1_0.transporter_id,
        t1_0.company_name,
        t1_0.rating,
        at1_0.transporter_id,
        at1_0.id,
        at1_0.count,
        at1_0.truck_type 
    from
        transporters t1_0 
    left join
        truck_capacities at1_0 
            on t1_0.transporter_id=at1_0.transporter_id 
    where
        t1_0.transporter_id=?
Hibernate: 
    select
        l1_0.load_id,
        l1_0.date_posted,
        l1_0.loading_city,
        l1_0.loading_date,
        l1_0.no_of_trucks,
        l1_0.product_type,
        l1_0.shipper_id,
        l1_0.status,
        l1_0.truck_type,
        l1_0.unloading_city,
        l1_0.version,
        l1_0.weight,
        l1_0.weight_unit 
    from
        loads l1_0 
    where
        l1_0.load_id=?
Hibernate: 
    insert 
    into
        bookings
        (allocated_trucks, bid_id, booked_at, final_rate, load_id, status, transporter_id, booking_id) 
    values
        (?, ?, ?, ?, ?, ?, ?, ?)
Hibernate: 
    update
        bids 
    set
        load_id=?,
        proposed_rate=?,
        status=?,
        transporter_id=?,
        trucks_offered=? 
    where
        bid_id=?
Hibernate: 
    update
        truck_capacities 
    set
        count=?,
        transporter_id=?,
        truck_type=? 
    where
        id=?
Hibernate: 
    select
        sum(b1_0.allocated_trucks) 
    from
        bookings b1_0 
    where
        b1_0.load_id=? 
        and b1_0.status!='CANCELLED'
Hibernate: 
    update
        loads 
    set
        loading_city=?,
        loading_date=?,
        no_of_trucks=?,
        product_type=?,
        shipper_id=?,
        status=?,
        truck_type=?,
        unloading_city=?,
        version=?,
        weight=?,
        weight_unit=? 
    where
        load_id=? 
        and version=?
Hibernate: 
    select
        version as version_ 
    from
        loads 
    where
        load_id=?
Hibernate: 
    select
        l1_0.load_id,
        l1_0.date_posted,
        l1_0.loading_city,
        l1_0.loading_date,
        l1_0.no_of_trucks,
        l1_0.product_type,
        l1_0.shipper_id,
        l1_0.status,
        l1_0.truck_type,
        l1_0.unloading_city,
        l1_0.version,
        l1_0.weight,
        l1_0.weight_unit 
    from
        loads l1_0 
    where
        l1_0.load_id=?
Hibernate: 
    select
        b1_0.bid_id,
        b1_0.load_id,
        b1_0.proposed_rate,
        b1_0.status,
        b1_0.submitted_at,
        b1_0.transporter_id,
        b1_0.trucks_offered 
    from
        bids b1_0 
    where
        b1_0.load_id=? 
        and b1_0.status=?
Hibernate: 
    select
        sum(b1_0.allocated_trucks) 
    from
        bookings b1_0 
    where
        b1_0.load_id=? 
        and b1_0.status!='CANCELLED'
2025-11-29T12:39:21.847Z  INFO 3952 --- [           main] j.LocalContainerEntityManagerFactoryBean : Closing JPA EntityManagerFactory for persistence unit 'default'
Hibernate: 
    drop table if exists bids cascade 
Hibernate: 
    drop table if exists bookings cascade 
Hibernate: 
    drop table if exists loads cascade 
Hibernate: 
    drop table if exists transporters cascade 
Hibernate: 
    drop table if exists truck_capacities cascade 
2025-11-29T12:39:21.849Z  INFO 3952 --- [           main] com.zaxxer.hikari.HikariDataSource       : HikariPool-11 - Shutdown initiated...
2025-11-29T12:39:21.850Z  INFO 3952 --- [           main] com.zaxxer.hikari.HikariDataSource       : HikariPool-11 - Shutdown completed.
]]></system-out>
  </testcase>
  <testcase name="getBestBids_SortedByScore" classname="com.tms.controller.BookingFlowIntegrationTest" time="0.123">
    <system-out><![CDATA[
  .   ____          _            __ _ _
 /\\ / ___'_ __ _ _(_)_ __  __ _ \ \ \ \
( ( )\___ | '_ | '_| | '_ \/ _` | \ \ \ \
 \\/  ___)| |_)| | | | | || (_| |  ) ) ) )
  '  |____| .__|_| |_|_| |_\__, | / / / /
 =========|_|==============|___/=/_/_/_/
 :: Spring Boot ::                (v3.2.0)

2025-11-29T12:39:21.870Z  INFO 3952 --- [           main] c.t.c.BookingFlowIntegrationTest         : Starting BookingFlowIntegrationTest using Java 17.0.17 with PID 3952 (started by runner in /home/runner/work/transport-management-system/transport-management-system)
2025-11-29T12:39:21.870Z  INFO 3952 --- [           main] c.t.c.BookingFlowIntegrationTest         : No active profile set, falling back to 1 default profile: "default"
2025-11-29T12:39:21.957Z  INFO 3952 --- [           main] .s.d.r.c.RepositoryConfigurationDelegate : Bootstrapping Spring Data JPA repositories in DEFAULT mode.
2025-11-29T12:39:21.962Z  INFO 3952 --- [           main] .s.d.r.c.RepositoryConfigurationDelegate : Finished Spring Data repository scanning in 4 ms. Found 5 JPA repository interfaces.
2025-11-29T12:39:22.002Z  INFO 3952 --- [           main] o.hibernate.jpa.internal.util.LogHelper  : HHH000204: Processing PersistenceUnitInfo [name: default]
2025-11-29T12:39:22.003Z  INFO 3952 --- [           main] o.h.c.internal.RegionFactoryInitiator    : HHH000026: Second-level cache disabled
2025-11-29T12:39:22.004Z  INFO 3952 --- [           main] o.s.o.j.p.SpringPersistenceUnitInfo      : No LoadTimeWeaver setup: ignoring JPA class transformer
2025-11-29T12:39:22.005Z  INFO 3952 --- [           main] com.zaxxer.hikari.HikariDataSource       : HikariPool-12 - Starting...
2025-11-29T12:39:22.006Z  INFO 3952 --- [           main] com.zaxxer.hikari.pool.HikariPool        : HikariPool-12 - Added connection conn110: url=jdbc:h2:mem:testdb user=SA
2025-11-29T12:39:22.006Z  INFO 3952 --- [           main] com.zaxxer.hikari.HikariDataSource       : HikariPool-12 - Start completed.
2025-11-29T12:39:22.006Z  WARN 3952 --- [           main] org.hibernate.orm.deprecation            : HHH90000025: H2Dialect does not need to be specified explicitly using 'hibernate.dialect' (remove the property setting and it will be selected by default)
2025-11-29T12:39:22.057Z  INFO 3952 --- [           main] o.h.e.t.j.p.i.JtaPlatformInitiator       : HHH000489: No JTA platform available (set 'hibernate.transaction.jta.platform' to enable JTA platform integration)
Hibernate: 
    drop table if exists bids cascade 
Hibernate: 
    drop table if exists bookings cascade 
Hibernate: 
    drop table if exists loads cascade 
Hibernate: 
    drop table if exists transporters cascade 
Hibernate: 
    drop table if exists truck_capacities cascade 
Hibernate: 
    create table bids (
        proposed_rate float(53) not null,
        trucks_offered integer not null,
        submitted_at timestamp(6) not null,
        bid_id uuid not null,
        load_id uuid not null,
        transporter_id uuid not null,
        status varchar(255) not null check (status in ('PENDING','ACCEPTED','REJECTED')),
        primary key (bid_id)
    )
Hibernate: 
    create table bookings (
        allocated_trucks integer not null,
        final_rate float(53) not null,
        booked_at timestamp(6) not null,
        bid_id uuid not null unique,
        booking_id uuid not null,
        load_id uuid not null,
        transporter_id uuid not null,
        status varchar(255) not null check (status in ('CONFIRMED','COMPLETED','CANCELLED')),
        primary key (booking_id)
    )
Hibernate: 
    create table loads (
        no_of_trucks integer not null,
        weight float(53) not null,
        date_posted timestamp(6) not null,
        loading_date timestamp(6) not null,
        version bigint,
        load_id uuid not null,
        loading_city varchar(255) not null,
        product_type varchar(255) not null,
        shipper_id varchar(255) not null,
        status varchar(255) not null check (status in ('POSTED','OPEN_FOR_BIDS','BOOKED','CANCELLED')),
        truck_type varchar(255) not null,
        unloading_city varchar(255) not null,
        weight_unit varchar(255) not null check (weight_unit in ('KG','TON')),
        primary key (load_id)
    )
Hibernate: 
    create table transporters (
        rating float(53) not null,
        transporter_id uuid not null,
        company_name varchar(255) not null,
        primary key (transporter_id)
    )
Hibernate: 
    create table truck_capacities (
        count integer not null,
        id uuid not null,
        transporter_id uuid not null,
        truck_type varchar(255) not null,
        primary key (id)
    )
Hibernate: 
    create index idx_bid_load_id 
       on bids (load_id)
Hibernate: 
    create index idx_bid_transporter_id 
       on bids (transporter_id)
Hibernate: 
    create index idx_bid_status 
       on bids (status)
Hibernate: 
    create index idx_booking_load_id 
       on bookings (load_id)
Hibernate: 
    create index idx_booking_transporter_id 
       on bookings (transporter_id)
Hibernate: 
    create index idx_booking_status 
       on bookings (status)
Hibernate: 
    create index idx_load_shipper_id 
       on loads (shipper_id)
Hibernate: 
    create index idx_load_status 
       on loads (status)
Hibernate: 
    create index idx_transporter_company_name 
       on transporters (company_name)
Hibernate: 
    alter table if exists bids 
       add constraint FK472kgv75no5j99cn97kieeif4 
       foreign key (load_id) 
       references loads
Hibernate: 
    alter table if exists bids 
       add constraint FKvv99r7aspm62jr3ypl49ciew 
       foreign key (transporter_id) 
       references transporters
Hibernate: 
    alter table if exists bookings 
       add constraint FKq288csc6231owu9a8fai22emh 
       foreign key (bid_id) 
       references bids
Hibernate: 
    alter table if exists bookings 
       add constraint FK3h9wubhva9yo6todesnel1k9k 
       foreign key (load_id) 
       references loads
Hibernate: 
    alter table if exists bookings 
       add constraint FKll87sc69m7f3g4irjoircny42 
       foreign key (transporter_id) 
       references transporters
Hibernate: 
    alter table if exists truck_capacities 
       add constraint FK3dc2qg7xbxc5wkix7hghs1143 
       foreign key (transporter_id) 
       references transporters
2025-11-29T12:39:22.067Z  INFO 3952 --- [           main] j.LocalContainerEntityManagerFactoryBean : Initialized JPA EntityManagerFactory for persistence unit 'default'
2025-11-29T12:39:22.160Z  WARN 3952 --- [           main] JpaBaseConfiguration$JpaWebConfiguration : spring.jpa.open-in-view is enabled by default. Therefore, database queries may be performed during view rendering. Explicitly configure spring.jpa.open-in-view to disable this warning
2025-11-29T12:39:22.213Z  INFO 3952 --- [           main] o.s.b.a.h2.H2ConsoleAutoConfiguration    : H2 console available at '/h2-console'. Database available at 'jdbc:h2:mem:testdb'
2025-11-29T12:39:22.225Z  INFO 3952 --- [           main] o.s.b.t.m.w.SpringBootMockServletContext : Initializing Spring TestDispatcherServlet ''
2025-11-29T12:39:22.225Z  INFO 3952 --- [           main] o.s.t.web.servlet.TestDispatcherServlet  : Initializing Servlet ''
2025-11-29T12:39:22.226Z  INFO 3952 --- [           main] o.s.t.web.servlet.TestDispatcherServlet  : Completed initialization in 1 ms
2025-11-29T12:39:22.232Z  INFO 3952 --- [           main] c.t.c.BookingFlowIntegrationTest         : Started BookingFlowIntegrationTest in 0.38 seconds (process running for 13.814)
Hibernate: 
    insert 
    into
        transporters
        (company_name, rating, transporter_id) 
    values
        (?, ?, ?)
Hibernate: 
    insert 
    into
        truck_capacities
        (count, transporter_id, truck_type, id) 
    values
        (?, ?, ?, ?)
Hibernate: 
    insert 
    into
        transporters
        (company_name, rating, transporter_id) 
    values
        (?, ?, ?)
Hibernate: 
    insert 
    into
        truck_capacities
        (count, transporter_id, truck_type, id) 
    values
        (?, ?, ?, ?)
Hibernate: 
    select
        sum(b1_0.allocated_trucks) 
    from
        bookings b1_0 
    where
        b1_0.load_id=? 
        and b1_0.status!='CANCELLED'
Hibernate: 
    insert 
    into
        loads
        (date_posted, loading_city, loading_date, no_of_trucks, product_type, shipper_id, status, truck_type, unloading_city, version, weight, weight_unit, load_id) 
    values
        (?, ?, ?, ?, ?, ?, ?, ?, ?, ?, ?, ?, ?)
Hibernate: 
    select
        l1_0.load_id,
        l1_0.date_posted,
        l1_0.loading_city,
        l1_0.loading_date,
        l1_0.no_of_trucks,
        l1_0.product_type,
        l1_0.shipper_id,
        l1_0.status,
        l1_0.truck_type,
        l1_0.unloading_city,
        l1_0.version,
        l1_0.weight,
        l1_0.weight_unit 
    from
        loads l1_0 
    where
        l1_0.load_id=?
Hibernate: 
    select
        t1_0.transporter_id,
        t1_0.company_name,
        t1_0.rating,
        at1_0.transporter_id,
        at1_0.id,
        at1_0.count,
        at1_0.truck_type 
    from
        transporters t1_0 
    left join
        truck_capacities at1_0 
            on t1_0.transporter_id=at1_0.transporter_id 
    where
        t1_0.transporter_id=?
Hibernate: 
    select
        sum(b1_0.allocated_trucks) 
    from
        bookings b1_0 
    where
        b1_0.load_id=? 
        and b1_0.status!='CANCELLED'
Hibernate: 
    select
        l1_0.load_id,
        l1_0.date_posted,
        l1_0.loading_city,
        l1_0.loading_date,
        l1_0.no_of_trucks,
        l1_0.product_type,
        l1_0.shipper_id,
        l1_0.status,
        l1_0.truck_type,
        l1_0.unloading_city,
        l1_0.version,
        l1_0.weight,
        l1_0.weight_unit 
    from
        loads l1_0 
    where
        l1_0.load_id=?
Hibernate: 
    insert 
    into
        bids
        (load_id, proposed_rate, status, submitted_at, transporter_id, trucks_offered, bid_id) 
    values
        (?, ?, ?, ?, ?, ?, ?)
Hibernate: 
    update
        loads 
    set
        loading_city=?,
        loading_date=?,
        no_of_trucks=?,
        product_type=?,
        shipper_id=?,
        status=?,
        truck_type=?,
        unloading_city=?,
        version=?,
        weight=?,
        weight_unit=? 
    where
        load_id=? 
        and version=?
Hibernate: 
    select
        l1_0.load_id,
        l1_0.date_posted,
        l1_0.loading_city,
        l1_0.loading_date,
        l1_0.no_of_trucks,
        l1_0.product_type,
        l1_0.shipper_id,
        l1_0.status,
        l1_0.truck_type,
        l1_0.unloading_city,
        l1_0.version,
        l1_0.weight,
        l1_0.weight_unit 
    from
        loads l1_0 
    where
        l1_0.load_id=?
Hibernate: 
    select
        t1_0.transporter_id,
        t1_0.company_name,
        t1_0.rating,
        at1_0.transporter_id,
        at1_0.id,
        at1_0.count,
        at1_0.truck_type 
    from
        transporters t1_0 
    left join
        truck_capacities at1_0 
            on t1_0.transporter_id=at1_0.transporter_id 
    where
        t1_0.transporter_id=?
Hibernate: 
    select
        sum(b1_0.allocated_trucks) 
    from
        bookings b1_0 
    where
        b1_0.load_id=? 
        and b1_0.status!='CANCELLED'
Hibernate: 
    select
        l1_0.load_id,
        l1_0.date_posted,
        l1_0.loading_city,
        l1_0.loading_date,
        l1_0.no_of_trucks,
        l1_0.product_type,
        l1_0.shipper_id,
        l1_0.status,
        l1_0.truck_type,
        l1_0.unloading_city,
        l1_0.version,
        l1_0.weight,
        l1_0.weight_unit 
    from
        loads l1_0 
    where
        l1_0.load_id=?
Hibernate: 
    insert 
    into
        bids
        (load_id, proposed_rate, status, submitted_at, transporter_id, trucks_offered, bid_id) 
    values
        (?, ?, ?, ?, ?, ?, ?)
Hibernate: 
    select
        l1_0.load_id,
        l1_0.date_posted,
        l1_0.loading_city,
        l1_0.loading_date,
        l1_0.no_of_trucks,
        l1_0.product_type,
        l1_0.shipper_id,
        l1_0.status,
        l1_0.truck_type,
        l1_0.unloading_city,
        l1_0.version,
        l1_0.weight,
        l1_0.weight_unit 
    from
        loads l1_0 
    where
        l1_0.load_id=?
Hibernate: 
    select
        b1_0.bid_id,
        b1_0.load_id,
        b1_0.proposed_rate,
        b1_0.status,
        b1_0.submitted_at,
        b1_0.transporter_id,
        t1_0.transporter_id,
        t1_0.company_name,
        t1_0.rating,
        b1_0.trucks_offered 
    from
        bids b1_0 
    join
        transporters t1_0 
            on t1_0.transporter_id=b1_0.transporter_id 
    where
        b1_0.load_id=? 
        and b1_0.status='PENDING'
Hibernate: 
    select
        at1_0.transporter_id,
        at1_0.id,
        at1_0.count,
        at1_0.truck_type 
    from
        truck_capacities at1_0 
    where
        at1_0.transporter_id=?
Hibernate: 
    select
        at1_0.transporter_id,
        at1_0.id,
        at1_0.count,
        at1_0.truck_type 
    from
        truck_capacities at1_0 
    where
        at1_0.transporter_id=?
2025-11-29T12:39:22.353Z  INFO 3952 --- [           main] j.LocalContainerEntityManagerFactoryBean : Closing JPA EntityManagerFactory for persistence unit 'default'
Hibernate: 
    drop table if exists bids cascade 
Hibernate: 
    drop table if exists bookings cascade 
Hibernate: 
    drop table if exists loads cascade 
Hibernate: 
    drop table if exists transporters cascade 
Hibernate: 
    drop table if exists truck_capacities cascade 
2025-11-29T12:39:22.355Z  INFO 3952 --- [           main] com.zaxxer.hikari.HikariDataSource       : HikariPool-12 - Shutdown initiated...
2025-11-29T12:39:22.356Z  INFO 3952 --- [           main] com.zaxxer.hikari.HikariDataSource       : HikariPool-12 - Shutdown completed.
]]></system-out>
  </testcase>
</testsuite>